#
# There is insufficient memory for the Java Runtime Environment to continue.
# Native memory allocation (malloc) failed to allocate 707216 bytes for Chunk::new
# Possible reasons:
#   The system is out of physical RAM or swap space
#   The process is running with CompressedOops enabled, and the Java Heap may be blocking the growth of the native heap
# Possible solutions:
#   Reduce memory load on the system
#   Increase physical memory or swap space
#   Check if swap backing store is full
#   Decrease Java heap size (-Xmx/-Xms)
#   Decrease number of Java threads
#   Decrease Java thread stack sizes (-Xss)
#   Set larger code cache with -XX:ReservedCodeCacheSize=
#   JVM is running with Unscaled Compressed Oops mode in which the Java heap is
#     placed in the first 4GB address space. The Java Heap base address is the
#     maximum limit for the native heap growth. Please use -XX:HeapBaseMinAddress
#     to set the Java Heap base and to place the Java Heap above 4GB virtual address.
# This output file may be truncated or incomplete.
#
#  Out of Memory Error (arena.cpp:168), pid=46684, tid=30856
#
# JRE version: Java(TM) SE Runtime Environment (21.0.5+9) (build 21.0.5+9-LTS-239)
# Java VM: Java HotSpot(TM) 64-Bit Server VM (21.0.5+9-LTS-239, mixed mode, sharing, tiered, compressed oops, compressed class ptrs, g1 gc, windows-amd64)
# No core dump will be written. Minidumps are not enabled by default on client versions of Windows
#

---------------  S U M M A R Y ------------

Command Line: --add-opens=java.base/java.lang=ALL-UNNAMED --add-opens=java.base/java.lang.invoke=ALL-UNNAMED --add-opens=java.base/java.util=ALL-UNNAMED --add-opens=java.prefs/java.util.prefs=ALL-UNNAMED --add-exports=jdk.compiler/com.sun.tools.javac.api=ALL-UNNAMED --add-exports=jdk.compiler/com.sun.tools.javac.util=ALL-UNNAMED --add-opens=java.base/java.util=ALL-UNNAMED --add-opens=java.prefs/java.util.prefs=ALL-UNNAMED --add-opens=java.base/java.nio.charset=ALL-UNNAMED --add-opens=java.base/java.net=ALL-UNNAMED --add-opens=java.base/java.util.concurrent=ALL-UNNAMED --add-opens=java.base/java.util.concurrent.atomic=ALL-UNNAMED --add-opens=java.xml/javax.xml.namespace=ALL-UNNAMED --add-opens=java.base/java.time=ALL-UNNAMED -XX:MaxMetaspaceSize=512m -Xmx2g -Dfile.encoding=UTF-8 -Duser.country -Duser.language=ko -Duser.variant -javaagent:C:\Users\woow0\.gradle\wrapper\dists\gradle-9.2.1-bin\2t0n5ozlw9xmuyvbp7dnzaxug\gradle-9.2.1\lib\agents\gradle-instrumentation-agent-9.2.1.jar org.gradle.launcher.daemon.bootstrap.GradleDaemon 9.2.1

Host: 13th Gen Intel(R) Core(TM) i5-1340P, 16 cores, 15G,  Windows 11 , 64 bit Build 26100 (10.0.26100.6725)
Time: Wed Dec 24 21:54:36 2025  Windows 11 , 64 bit Build 26100 (10.0.26100.6725) elapsed time: 4.231632 seconds (0d 0h 0m 4s)

---------------  T H R E A D  ---------------

Current thread (0x00000181f0908a50):  JavaThread "C2 CompilerThread1" daemon [_thread_in_native, id=30856, stack(0x0000007244e00000,0x0000007244f00000) (1024K)]


Current CompileTask:
C2:   4231 2856   !   4       java.lang.ClassLoader::loadClass (121 bytes)

Stack: [0x0000007244e00000,0x0000007244f00000]
Native frames: (J=compiled Java code, j=interpreted, Vv=VM code, C=native code)
V  [jvm.dll+0x6ca289]
V  [jvm.dll+0x854a51]
V  [jvm.dll+0x856f7e]
V  [jvm.dll+0x857653]
V  [jvm.dll+0x27dd26]
V  [jvm.dll+0xc4c2d]
V  [jvm.dll+0xc5163]
V  [jvm.dll+0x2f0ccd]
V  [jvm.dll+0x5f4ffa]
V  [jvm.dll+0x24f882]
V  [jvm.dll+0x24829c]
V  [jvm.dll+0x245de4]
V  [jvm.dll+0x1c6d0e]
V  [jvm.dll+0x2554d9]
V  [jvm.dll+0x253a6a]
V  [jvm.dll+0x3ee136]
V  [jvm.dll+0x7fee9b]
V  [jvm.dll+0x6c896d]
C  [ucrtbase.dll+0x37b0]
C  [KERNEL32.DLL+0x2e8d7]
C  [ntdll.dll+0x8c53c]


---------------  P R O C E S S  ---------------

Threads class SMR info:
_java_thread_list=0x00000181f0c33180, length=27, elements={
0x00000181b222c8f0, 0x00000181cf6e8b30, 0x00000181cf6e9780, 0x00000181cf6eeb00,
0x00000181cf6f0100, 0x00000181cf6f31c0, 0x00000181cf6f6f30, 0x00000181cf6fafd0,
0x00000181cf6fd180, 0x00000181cf84b5c0, 0x00000181cf938210, 0x00000181cfacb940,
0x00000181efb52d00, 0x00000181efa4bd80, 0x00000181f07939b0, 0x00000181f07f6ca0,
0x00000181f07290d0, 0x00000181f0a9dae0, 0x00000181f0715c90, 0x00000181f0a2d790,
0x00000181f0a33400, 0x00000181f0a60ba0, 0x00000181f0a5fe80, 0x00000181f0a60510,
0x00000181f0908a50, 0x00000181f0a61230, 0x00000181f0a618c0
}

Java Threads: ( => current thread )
  0x00000181b222c8f0 JavaThread "main"                              [_thread_blocked, id=33244, stack(0x0000007242a00000,0x0000007242b00000) (1024K)]
  0x00000181cf6e8b30 JavaThread "Reference Handler"          daemon [_thread_blocked, id=18472, stack(0x0000007243200000,0x0000007243300000) (1024K)]
  0x00000181cf6e9780 JavaThread "Finalizer"                  daemon [_thread_blocked, id=49236, stack(0x0000007243300000,0x0000007243400000) (1024K)]
  0x00000181cf6eeb00 JavaThread "Signal Dispatcher"          daemon [_thread_blocked, id=52000, stack(0x0000007243400000,0x0000007243500000) (1024K)]
  0x00000181cf6f0100 JavaThread "Attach Listener"            daemon [_thread_blocked, id=14608, stack(0x0000007243500000,0x0000007243600000) (1024K)]
  0x00000181cf6f31c0 JavaThread "Service Thread"             daemon [_thread_blocked, id=47044, stack(0x0000007243600000,0x0000007243700000) (1024K)]
  0x00000181cf6f6f30 JavaThread "Monitor Deflation Thread"   daemon [_thread_blocked, id=46940, stack(0x0000007243700000,0x0000007243800000) (1024K)]
  0x00000181cf6fafd0 JavaThread "C2 CompilerThread0"         daemon [_thread_in_native, id=45500, stack(0x0000007243800000,0x0000007243900000) (1024K)]
  0x00000181cf6fd180 JavaThread "C1 CompilerThread0"         daemon [_thread_blocked, id=52680, stack(0x0000007243900000,0x0000007243a00000) (1024K)]
  0x00000181cf84b5c0 JavaThread "C1 CompilerThread1"         daemon [_thread_blocked, id=34028, stack(0x0000007243a00000,0x0000007243b00000) (1024K)]
  0x00000181cf938210 JavaThread "Common-Cleaner"             daemon [_thread_blocked, id=48988, stack(0x0000007243b00000,0x0000007243c00000) (1024K)]
  0x00000181cfacb940 JavaThread "Notification Thread"        daemon [_thread_blocked, id=17668, stack(0x0000007243d00000,0x0000007243e00000) (1024K)]
  0x00000181efb52d00 JavaThread "C1 CompilerThread2"         daemon [_thread_blocked, id=47200, stack(0x0000007244500000,0x0000007244600000) (1024K)]
  0x00000181efa4bd80 JavaThread "C1 CompilerThread3"         daemon [_thread_blocked, id=37164, stack(0x0000007244600000,0x0000007244700000) (1024K)]
  0x00000181f07939b0 JavaThread "Daemon health stats"               [_thread_blocked, id=37916, stack(0x0000007243e00000,0x0000007243f00000) (1024K)]
  0x00000181f07f6ca0 JavaThread "Incoming local TCP Connector on port 64516"        [_thread_in_native, id=50748, stack(0x0000007244400000,0x0000007244500000) (1024K)]
  0x00000181f07290d0 JavaThread "Daemon periodic checks"            [_thread_blocked, id=50136, stack(0x0000007244700000,0x0000007244800000) (1024K)]
  0x00000181f0a9dae0 JavaThread "Daemon"                            [_thread_blocked, id=52472, stack(0x0000007244800000,0x0000007244900000) (1024K)]
  0x00000181f0715c90 JavaThread "Handler for socket connection from /127.0.0.1:64516 to /127.0.0.1:64517"        [_thread_in_native, id=46188, stack(0x0000007244900000,0x0000007244a00000) (1024K)]
  0x00000181f0a2d790 JavaThread "Cancel handler"                    [_thread_blocked, id=52920, stack(0x0000007243c00000,0x0000007243d00000) (1024K)]
  0x00000181f0a33400 JavaThread "Daemon worker"                     [_thread_in_native, id=41892, stack(0x0000007244a00000,0x0000007244b00000) (1024K)]
  0x00000181f0a60ba0 JavaThread "Asynchronous log dispatcher for DefaultDaemonConnection: socket connection from /127.0.0.1:64516 to /127.0.0.1:64517"        [_thread_blocked, id=40436, stack(0x0000007244b00000,0x0000007244c00000) (1024K)]
  0x00000181f0a5fe80 JavaThread "Stdin handler"                     [_thread_blocked, id=32752, stack(0x0000007244c00000,0x0000007244d00000) (1024K)]
  0x00000181f0a60510 JavaThread "Daemon client event forwarder"        [_thread_blocked, id=51892, stack(0x0000007244d00000,0x0000007244e00000) (1024K)]
=>0x00000181f0908a50 JavaThread "C2 CompilerThread1"         daemon [_thread_in_native, id=30856, stack(0x0000007244e00000,0x0000007244f00000) (1024K)]
  0x00000181f0a61230 JavaThread "Cache worker for journal cache (C:\Users\woow0\.gradle\caches\journal-1)"        [_thread_blocked, id=35116, stack(0x0000007244f00000,0x0000007245000000) (1024K)]
  0x00000181f0a618c0 JavaThread "File lock request listener"        [_thread_in_native, id=48708, stack(0x0000007245000000,0x0000007245100000) (1024K)]
Total: 27

Other Threads:
  0x00000181afe45ec0 VMThread "VM Thread"                           [id=51300, stack(0x0000007243100000,0x0000007243200000) (1024K)]
  0x00000181cf7a09d0 WatcherThread "VM Periodic Task Thread"        [id=20484, stack(0x0000007243000000,0x0000007243100000) (1024K)]
  0x00000181afe45780 WorkerThread "GC Thread#0"                     [id=13068, stack(0x0000007242b00000,0x0000007242c00000) (1024K)]
  0x00000181afe46260 WorkerThread "GC Thread#1"                     [id=48448, stack(0x0000007243f00000,0x0000007244000000) (1024K)]
  0x00000181afe45b20 WorkerThread "GC Thread#2"                     [id=43832, stack(0x0000007244000000,0x0000007244100000) (1024K)]
  0x00000181afe46600 WorkerThread "GC Thread#3"                     [id=52708, stack(0x0000007244100000,0x0000007244200000) (1024K)]
  0x00000181afe45040 WorkerThread "GC Thread#4"                     [id=4104, stack(0x0000007244200000,0x0000007244300000) (1024K)]
  0x00000181ef0a66d0 WorkerThread "GC Thread#5"                     [id=50120, stack(0x0000007244300000,0x0000007244400000) (1024K)]
  0x00000181b22d5010 ConcurrentGCThread "G1 Main Marker"            [id=49272, stack(0x0000007242c00000,0x0000007242d00000) (1024K)]
  0x00000181afe469a0 WorkerThread "G1 Conc#0"                       [id=38020, stack(0x0000007242d00000,0x0000007242e00000) (1024K)]
  0x00000181cf610440 ConcurrentGCThread "G1 Refine#0"               [id=43964, stack(0x0000007242e00000,0x0000007242f00000) (1024K)]
  0x00000181cf610c60 ConcurrentGCThread "G1 Service"                [id=46720, stack(0x0000007242f00000,0x0000007243000000) (1024K)]
Total: 12

Threads with active compile tasks:
C2 CompilerThread0     4266 2869       4       java.lang.invoke.MethodType::makeImpl (109 bytes)
C2 CompilerThread1     4266 2856   !   4       java.lang.ClassLoader::loadClass (121 bytes)
Total: 2

VM state: not at safepoint (normal execution)

VM Mutex/Monitor currently owned by a thread: None

Heap address: 0x0000000080000000, size: 2048 MB, Compressed Oops mode: 32-bit

CDS archive(s) mapped at: [0x00000181d0000000-0x00000181d0c90000-0x00000181d0c90000), size 13172736, SharedBaseAddress: 0x00000181d0000000, ArchiveRelocationMode: 1.
Compressed class space mapped at: 0x00000181d1000000-0x00000181eb000000, reserved size: 436207616
Narrow klass base: 0x00000181d0000000, Narrow klass shift: 0, Narrow klass range: 0x100000000

GC Precious Log:
 CardTable entry size: 512
 Card Set container configuration: InlinePtr #cards 5 size 8 Array Of Cards #cards 12 size 40 Howl #buckets 4 coarsen threshold 1843 Howl Bitmap #cards 512 size 80 coarsen threshold 460 Card regions per heap region 1 cards per card region 2048
 CPUs: 16 total, 16 available
 Memory: 15943M
 Large Page Support: Disabled
 NUMA Support: Disabled
 Compressed Oops: Enabled (32-bit)
 Heap Region Size: 1M
 Heap Min Capacity: 8M
 Heap Initial Capacity: 250M
 Heap Max Capacity: 2G
 Pre-touch: Disabled
 Parallel Workers: 13
 Concurrent Workers: 3
 Concurrent Refinement Workers: 13
 Periodic GC: Disabled

Heap:
 garbage-first heap   total 256000K, used 117414K [0x0000000080000000, 0x0000000100000000)
  region size 1024K, 107 young (109568K), 5 survivors (5120K)
 Metaspace       used 16011K, committed 16576K, reserved 491520K
  class space    used 2107K, committed 2368K, reserved 425984K

Heap Regions: E=young(eden), S=young(survivor), O=old, HS=humongous(starts), HC=humongous(continues), CS=collection set, F=free, TAMS=top-at-mark-start, PB=parsable bottom
|   0|0x0000000080000000, 0x0000000080100000, 0x0000000080100000|100%|HS|  |TAMS 0x0000000080000000| PB 0x0000000080000000| Complete 
|   1|0x0000000080100000, 0x0000000080200000, 0x0000000080200000|100%|HC|  |TAMS 0x0000000080100000| PB 0x0000000080100000| Complete 
|   2|0x0000000080200000, 0x0000000080300000, 0x0000000080300000|100%|HC|  |TAMS 0x0000000080200000| PB 0x0000000080200000| Complete 
|   3|0x0000000080300000, 0x0000000080400000, 0x0000000080400000|100%|HC|  |TAMS 0x0000000080300000| PB 0x0000000080300000| Complete 
|   4|0x0000000080400000, 0x0000000080500000, 0x0000000080500000|100%| O|  |TAMS 0x0000000080400000| PB 0x0000000080400000| Untracked 
|   5|0x0000000080500000, 0x0000000080600000, 0x0000000080600000|100%| O|  |TAMS 0x0000000080500000| PB 0x0000000080500000| Untracked 
|   6|0x0000000080600000, 0x00000000806a9ae0, 0x0000000080700000| 66%| O|  |TAMS 0x0000000080600000| PB 0x0000000080600000| Untracked 
|   7|0x0000000080700000, 0x0000000080800000, 0x0000000080800000|100%|HS|  |TAMS 0x0000000080700000| PB 0x0000000080700000| Complete 
|   8|0x0000000080800000, 0x0000000080900000, 0x0000000080900000|100%|HS|  |TAMS 0x0000000080800000| PB 0x0000000080800000| Complete 
|   9|0x0000000080900000, 0x0000000080900000, 0x0000000080a00000|  0%| F|  |TAMS 0x0000000080900000| PB 0x0000000080900000| Untracked 
|  10|0x0000000080a00000, 0x0000000080a00000, 0x0000000080b00000|  0%| F|  |TAMS 0x0000000080a00000| PB 0x0000000080a00000| Untracked 
|  11|0x0000000080b00000, 0x0000000080b00000, 0x0000000080c00000|  0%| F|  |TAMS 0x0000000080b00000| PB 0x0000000080b00000| Untracked 
|  12|0x0000000080c00000, 0x0000000080c00000, 0x0000000080d00000|  0%| F|  |TAMS 0x0000000080c00000| PB 0x0000000080c00000| Untracked 
|  13|0x0000000080d00000, 0x0000000080d00000, 0x0000000080e00000|  0%| F|  |TAMS 0x0000000080d00000| PB 0x0000000080d00000| Untracked 
|  14|0x0000000080e00000, 0x0000000080e00000, 0x0000000080f00000|  0%| F|  |TAMS 0x0000000080e00000| PB 0x0000000080e00000| Untracked 
|  15|0x0000000080f00000, 0x0000000080f00000, 0x0000000081000000|  0%| F|  |TAMS 0x0000000080f00000| PB 0x0000000080f00000| Untracked 
|  16|0x0000000081000000, 0x0000000081000000, 0x0000000081100000|  0%| F|  |TAMS 0x0000000081000000| PB 0x0000000081000000| Untracked 
|  17|0x0000000081100000, 0x0000000081100000, 0x0000000081200000|  0%| F|  |TAMS 0x0000000081100000| PB 0x0000000081100000| Untracked 
|  18|0x0000000081200000, 0x0000000081200000, 0x0000000081300000|  0%| F|  |TAMS 0x0000000081200000| PB 0x0000000081200000| Untracked 
|  19|0x0000000081300000, 0x0000000081300000, 0x0000000081400000|  0%| F|  |TAMS 0x0000000081300000| PB 0x0000000081300000| Untracked 
|  20|0x0000000081400000, 0x0000000081400000, 0x0000000081500000|  0%| F|  |TAMS 0x0000000081400000| PB 0x0000000081400000| Untracked 
|  21|0x0000000081500000, 0x0000000081500000, 0x0000000081600000|  0%| F|  |TAMS 0x0000000081500000| PB 0x0000000081500000| Untracked 
|  22|0x0000000081600000, 0x0000000081600000, 0x0000000081700000|  0%| F|  |TAMS 0x0000000081600000| PB 0x0000000081600000| Untracked 
|  23|0x0000000081700000, 0x0000000081700000, 0x0000000081800000|  0%| F|  |TAMS 0x0000000081700000| PB 0x0000000081700000| Untracked 
|  24|0x0000000081800000, 0x0000000081800000, 0x0000000081900000|  0%| F|  |TAMS 0x0000000081800000| PB 0x0000000081800000| Untracked 
|  25|0x0000000081900000, 0x0000000081900000, 0x0000000081a00000|  0%| F|  |TAMS 0x0000000081900000| PB 0x0000000081900000| Untracked 
|  26|0x0000000081a00000, 0x0000000081a00000, 0x0000000081b00000|  0%| F|  |TAMS 0x0000000081a00000| PB 0x0000000081a00000| Untracked 
|  27|0x0000000081b00000, 0x0000000081b00000, 0x0000000081c00000|  0%| F|  |TAMS 0x0000000081b00000| PB 0x0000000081b00000| Untracked 
|  28|0x0000000081c00000, 0x0000000081c00000, 0x0000000081d00000|  0%| F|  |TAMS 0x0000000081c00000| PB 0x0000000081c00000| Untracked 
|  29|0x0000000081d00000, 0x0000000081d00000, 0x0000000081e00000|  0%| F|  |TAMS 0x0000000081d00000| PB 0x0000000081d00000| Untracked 
|  30|0x0000000081e00000, 0x0000000081e00000, 0x0000000081f00000|  0%| F|  |TAMS 0x0000000081e00000| PB 0x0000000081e00000| Untracked 
|  31|0x0000000081f00000, 0x0000000081f00000, 0x0000000082000000|  0%| F|  |TAMS 0x0000000081f00000| PB 0x0000000081f00000| Untracked 
|  32|0x0000000082000000, 0x0000000082000000, 0x0000000082100000|  0%| F|  |TAMS 0x0000000082000000| PB 0x0000000082000000| Untracked 
|  33|0x0000000082100000, 0x0000000082100000, 0x0000000082200000|  0%| F|  |TAMS 0x0000000082100000| PB 0x0000000082100000| Untracked 
|  34|0x0000000082200000, 0x0000000082200000, 0x0000000082300000|  0%| F|  |TAMS 0x0000000082200000| PB 0x0000000082200000| Untracked 
|  35|0x0000000082300000, 0x0000000082300000, 0x0000000082400000|  0%| F|  |TAMS 0x0000000082300000| PB 0x0000000082300000| Untracked 
|  36|0x0000000082400000, 0x0000000082400000, 0x0000000082500000|  0%| F|  |TAMS 0x0000000082400000| PB 0x0000000082400000| Untracked 
|  37|0x0000000082500000, 0x0000000082500000, 0x0000000082600000|  0%| F|  |TAMS 0x0000000082500000| PB 0x0000000082500000| Untracked 
|  38|0x0000000082600000, 0x0000000082600000, 0x0000000082700000|  0%| F|  |TAMS 0x0000000082600000| PB 0x0000000082600000| Untracked 
|  39|0x0000000082700000, 0x0000000082700000, 0x0000000082800000|  0%| F|  |TAMS 0x0000000082700000| PB 0x0000000082700000| Untracked 
|  40|0x0000000082800000, 0x0000000082800000, 0x0000000082900000|  0%| F|  |TAMS 0x0000000082800000| PB 0x0000000082800000| Untracked 
|  41|0x0000000082900000, 0x0000000082900000, 0x0000000082a00000|  0%| F|  |TAMS 0x0000000082900000| PB 0x0000000082900000| Untracked 
|  42|0x0000000082a00000, 0x0000000082a00000, 0x0000000082b00000|  0%| F|  |TAMS 0x0000000082a00000| PB 0x0000000082a00000| Untracked 
|  43|0x0000000082b00000, 0x0000000082b00000, 0x0000000082c00000|  0%| F|  |TAMS 0x0000000082b00000| PB 0x0000000082b00000| Untracked 
|  44|0x0000000082c00000, 0x0000000082c00000, 0x0000000082d00000|  0%| F|  |TAMS 0x0000000082c00000| PB 0x0000000082c00000| Untracked 
|  45|0x0000000082d00000, 0x0000000082d00000, 0x0000000082e00000|  0%| F|  |TAMS 0x0000000082d00000| PB 0x0000000082d00000| Untracked 
|  46|0x0000000082e00000, 0x0000000082e00000, 0x0000000082f00000|  0%| F|  |TAMS 0x0000000082e00000| PB 0x0000000082e00000| Untracked 
|  47|0x0000000082f00000, 0x0000000082f00000, 0x0000000083000000|  0%| F|  |TAMS 0x0000000082f00000| PB 0x0000000082f00000| Untracked 
|  48|0x0000000083000000, 0x0000000083000000, 0x0000000083100000|  0%| F|  |TAMS 0x0000000083000000| PB 0x0000000083000000| Untracked 
|  49|0x0000000083100000, 0x0000000083100000, 0x0000000083200000|  0%| F|  |TAMS 0x0000000083100000| PB 0x0000000083100000| Untracked 
|  50|0x0000000083200000, 0x0000000083200000, 0x0000000083300000|  0%| F|  |TAMS 0x0000000083200000| PB 0x0000000083200000| Untracked 
|  51|0x0000000083300000, 0x0000000083300000, 0x0000000083400000|  0%| F|  |TAMS 0x0000000083300000| PB 0x0000000083300000| Untracked 
|  52|0x0000000083400000, 0x0000000083400000, 0x0000000083500000|  0%| F|  |TAMS 0x0000000083400000| PB 0x0000000083400000| Untracked 
|  53|0x0000000083500000, 0x0000000083500000, 0x0000000083600000|  0%| F|  |TAMS 0x0000000083500000| PB 0x0000000083500000| Untracked 
|  54|0x0000000083600000, 0x0000000083600000, 0x0000000083700000|  0%| F|  |TAMS 0x0000000083600000| PB 0x0000000083600000| Untracked 
|  55|0x0000000083700000, 0x0000000083700000, 0x0000000083800000|  0%| F|  |TAMS 0x0000000083700000| PB 0x0000000083700000| Untracked 
|  56|0x0000000083800000, 0x0000000083800000, 0x0000000083900000|  0%| F|  |TAMS 0x0000000083800000| PB 0x0000000083800000| Untracked 
|  57|0x0000000083900000, 0x0000000083900000, 0x0000000083a00000|  0%| F|  |TAMS 0x0000000083900000| PB 0x0000000083900000| Untracked 
|  58|0x0000000083a00000, 0x0000000083a00000, 0x0000000083b00000|  0%| F|  |TAMS 0x0000000083a00000| PB 0x0000000083a00000| Untracked 
|  59|0x0000000083b00000, 0x0000000083b00000, 0x0000000083c00000|  0%| F|  |TAMS 0x0000000083b00000| PB 0x0000000083b00000| Untracked 
|  60|0x0000000083c00000, 0x0000000083c00000, 0x0000000083d00000|  0%| F|  |TAMS 0x0000000083c00000| PB 0x0000000083c00000| Untracked 
|  61|0x0000000083d00000, 0x0000000083d00000, 0x0000000083e00000|  0%| F|  |TAMS 0x0000000083d00000| PB 0x0000000083d00000| Untracked 
|  62|0x0000000083e00000, 0x0000000083e00000, 0x0000000083f00000|  0%| F|  |TAMS 0x0000000083e00000| PB 0x0000000083e00000| Untracked 
|  63|0x0000000083f00000, 0x0000000083f00000, 0x0000000084000000|  0%| F|  |TAMS 0x0000000083f00000| PB 0x0000000083f00000| Untracked 
|  64|0x0000000084000000, 0x0000000084000000, 0x0000000084100000|  0%| F|  |TAMS 0x0000000084000000| PB 0x0000000084000000| Untracked 
|  65|0x0000000084100000, 0x0000000084100000, 0x0000000084200000|  0%| F|  |TAMS 0x0000000084100000| PB 0x0000000084100000| Untracked 
|  66|0x0000000084200000, 0x0000000084200000, 0x0000000084300000|  0%| F|  |TAMS 0x0000000084200000| PB 0x0000000084200000| Untracked 
|  67|0x0000000084300000, 0x0000000084300000, 0x0000000084400000|  0%| F|  |TAMS 0x0000000084300000| PB 0x0000000084300000| Untracked 
|  68|0x0000000084400000, 0x0000000084400000, 0x0000000084500000|  0%| F|  |TAMS 0x0000000084400000| PB 0x0000000084400000| Untracked 
|  69|0x0000000084500000, 0x0000000084500000, 0x0000000084600000|  0%| F|  |TAMS 0x0000000084500000| PB 0x0000000084500000| Untracked 
|  70|0x0000000084600000, 0x0000000084600000, 0x0000000084700000|  0%| F|  |TAMS 0x0000000084600000| PB 0x0000000084600000| Untracked 
|  71|0x0000000084700000, 0x0000000084700000, 0x0000000084800000|  0%| F|  |TAMS 0x0000000084700000| PB 0x0000000084700000| Untracked 
|  72|0x0000000084800000, 0x0000000084800000, 0x0000000084900000|  0%| F|  |TAMS 0x0000000084800000| PB 0x0000000084800000| Untracked 
|  73|0x0000000084900000, 0x0000000084900000, 0x0000000084a00000|  0%| F|  |TAMS 0x0000000084900000| PB 0x0000000084900000| Untracked 
|  74|0x0000000084a00000, 0x0000000084a00000, 0x0000000084b00000|  0%| F|  |TAMS 0x0000000084a00000| PB 0x0000000084a00000| Untracked 
|  75|0x0000000084b00000, 0x0000000084b00000, 0x0000000084c00000|  0%| F|  |TAMS 0x0000000084b00000| PB 0x0000000084b00000| Untracked 
|  76|0x0000000084c00000, 0x0000000084c00000, 0x0000000084d00000|  0%| F|  |TAMS 0x0000000084c00000| PB 0x0000000084c00000| Untracked 
|  77|0x0000000084d00000, 0x0000000084d00000, 0x0000000084e00000|  0%| F|  |TAMS 0x0000000084d00000| PB 0x0000000084d00000| Untracked 
|  78|0x0000000084e00000, 0x0000000084e00000, 0x0000000084f00000|  0%| F|  |TAMS 0x0000000084e00000| PB 0x0000000084e00000| Untracked 
|  79|0x0000000084f00000, 0x0000000084f00000, 0x0000000085000000|  0%| F|  |TAMS 0x0000000084f00000| PB 0x0000000084f00000| Untracked 
|  80|0x0000000085000000, 0x0000000085000000, 0x0000000085100000|  0%| F|  |TAMS 0x0000000085000000| PB 0x0000000085000000| Untracked 
|  81|0x0000000085100000, 0x0000000085100000, 0x0000000085200000|  0%| F|  |TAMS 0x0000000085100000| PB 0x0000000085100000| Untracked 
|  82|0x0000000085200000, 0x0000000085200000, 0x0000000085300000|  0%| F|  |TAMS 0x0000000085200000| PB 0x0000000085200000| Untracked 
|  83|0x0000000085300000, 0x0000000085300000, 0x0000000085400000|  0%| F|  |TAMS 0x0000000085300000| PB 0x0000000085300000| Untracked 
|  84|0x0000000085400000, 0x0000000085400000, 0x0000000085500000|  0%| F|  |TAMS 0x0000000085400000| PB 0x0000000085400000| Untracked 
|  85|0x0000000085500000, 0x0000000085500000, 0x0000000085600000|  0%| F|  |TAMS 0x0000000085500000| PB 0x0000000085500000| Untracked 
|  86|0x0000000085600000, 0x0000000085600000, 0x0000000085700000|  0%| F|  |TAMS 0x0000000085600000| PB 0x0000000085600000| Untracked 
|  87|0x0000000085700000, 0x0000000085700000, 0x0000000085800000|  0%| F|  |TAMS 0x0000000085700000| PB 0x0000000085700000| Untracked 
|  88|0x0000000085800000, 0x0000000085800000, 0x0000000085900000|  0%| F|  |TAMS 0x0000000085800000| PB 0x0000000085800000| Untracked 
|  89|0x0000000085900000, 0x0000000085900000, 0x0000000085a00000|  0%| F|  |TAMS 0x0000000085900000| PB 0x0000000085900000| Untracked 
|  90|0x0000000085a00000, 0x0000000085a00000, 0x0000000085b00000|  0%| F|  |TAMS 0x0000000085a00000| PB 0x0000000085a00000| Untracked 
|  91|0x0000000085b00000, 0x0000000085b00000, 0x0000000085c00000|  0%| F|  |TAMS 0x0000000085b00000| PB 0x0000000085b00000| Untracked 
|  92|0x0000000085c00000, 0x0000000085c00000, 0x0000000085d00000|  0%| F|  |TAMS 0x0000000085c00000| PB 0x0000000085c00000| Untracked 
|  93|0x0000000085d00000, 0x0000000085d00000, 0x0000000085e00000|  0%| F|  |TAMS 0x0000000085d00000| PB 0x0000000085d00000| Untracked 
|  94|0x0000000085e00000, 0x0000000085e00000, 0x0000000085f00000|  0%| F|  |TAMS 0x0000000085e00000| PB 0x0000000085e00000| Untracked 
|  95|0x0000000085f00000, 0x0000000085f00000, 0x0000000086000000|  0%| F|  |TAMS 0x0000000085f00000| PB 0x0000000085f00000| Untracked 
|  96|0x0000000086000000, 0x0000000086000000, 0x0000000086100000|  0%| F|  |TAMS 0x0000000086000000| PB 0x0000000086000000| Untracked 
|  97|0x0000000086100000, 0x0000000086100000, 0x0000000086200000|  0%| F|  |TAMS 0x0000000086100000| PB 0x0000000086100000| Untracked 
|  98|0x0000000086200000, 0x0000000086200000, 0x0000000086300000|  0%| F|  |TAMS 0x0000000086200000| PB 0x0000000086200000| Untracked 
|  99|0x0000000086300000, 0x0000000086300000, 0x0000000086400000|  0%| F|  |TAMS 0x0000000086300000| PB 0x0000000086300000| Untracked 
| 100|0x0000000086400000, 0x0000000086400000, 0x0000000086500000|  0%| F|  |TAMS 0x0000000086400000| PB 0x0000000086400000| Untracked 
| 101|0x0000000086500000, 0x0000000086500000, 0x0000000086600000|  0%| F|  |TAMS 0x0000000086500000| PB 0x0000000086500000| Untracked 
| 102|0x0000000086600000, 0x0000000086600000, 0x0000000086700000|  0%| F|  |TAMS 0x0000000086600000| PB 0x0000000086600000| Untracked 
| 103|0x0000000086700000, 0x0000000086700000, 0x0000000086800000|  0%| F|  |TAMS 0x0000000086700000| PB 0x0000000086700000| Untracked 
| 104|0x0000000086800000, 0x0000000086800000, 0x0000000086900000|  0%| F|  |TAMS 0x0000000086800000| PB 0x0000000086800000| Untracked 
| 105|0x0000000086900000, 0x0000000086900000, 0x0000000086a00000|  0%| F|  |TAMS 0x0000000086900000| PB 0x0000000086900000| Untracked 
| 106|0x0000000086a00000, 0x0000000086a00000, 0x0000000086b00000|  0%| F|  |TAMS 0x0000000086a00000| PB 0x0000000086a00000| Untracked 
| 107|0x0000000086b00000, 0x0000000086b00000, 0x0000000086c00000|  0%| F|  |TAMS 0x0000000086b00000| PB 0x0000000086b00000| Untracked 
| 108|0x0000000086c00000, 0x0000000086c00000, 0x0000000086d00000|  0%| F|  |TAMS 0x0000000086c00000| PB 0x0000000086c00000| Untracked 
| 109|0x0000000086d00000, 0x0000000086d00000, 0x0000000086e00000|  0%| F|  |TAMS 0x0000000086d00000| PB 0x0000000086d00000| Untracked 
| 110|0x0000000086e00000, 0x0000000086e00000, 0x0000000086f00000|  0%| F|  |TAMS 0x0000000086e00000| PB 0x0000000086e00000| Untracked 
| 111|0x0000000086f00000, 0x0000000086f00000, 0x0000000087000000|  0%| F|  |TAMS 0x0000000086f00000| PB 0x0000000086f00000| Untracked 
| 112|0x0000000087000000, 0x0000000087000000, 0x0000000087100000|  0%| F|  |TAMS 0x0000000087000000| PB 0x0000000087000000| Untracked 
| 113|0x0000000087100000, 0x0000000087100000, 0x0000000087200000|  0%| F|  |TAMS 0x0000000087100000| PB 0x0000000087100000| Untracked 
| 114|0x0000000087200000, 0x0000000087200000, 0x0000000087300000|  0%| F|  |TAMS 0x0000000087200000| PB 0x0000000087200000| Untracked 
| 115|0x0000000087300000, 0x0000000087300000, 0x0000000087400000|  0%| F|  |TAMS 0x0000000087300000| PB 0x0000000087300000| Untracked 
| 116|0x0000000087400000, 0x0000000087400000, 0x0000000087500000|  0%| F|  |TAMS 0x0000000087400000| PB 0x0000000087400000| Untracked 
| 117|0x0000000087500000, 0x0000000087500000, 0x0000000087600000|  0%| F|  |TAMS 0x0000000087500000| PB 0x0000000087500000| Untracked 
| 118|0x0000000087600000, 0x0000000087600000, 0x0000000087700000|  0%| F|  |TAMS 0x0000000087600000| PB 0x0000000087600000| Untracked 
| 119|0x0000000087700000, 0x0000000087700000, 0x0000000087800000|  0%| F|  |TAMS 0x0000000087700000| PB 0x0000000087700000| Untracked 
| 120|0x0000000087800000, 0x0000000087800000, 0x0000000087900000|  0%| F|  |TAMS 0x0000000087800000| PB 0x0000000087800000| Untracked 
| 121|0x0000000087900000, 0x0000000087900000, 0x0000000087a00000|  0%| F|  |TAMS 0x0000000087900000| PB 0x0000000087900000| Untracked 
| 122|0x0000000087a00000, 0x0000000087a00000, 0x0000000087b00000|  0%| F|  |TAMS 0x0000000087a00000| PB 0x0000000087a00000| Untracked 
| 123|0x0000000087b00000, 0x0000000087b00000, 0x0000000087c00000|  0%| F|  |TAMS 0x0000000087b00000| PB 0x0000000087b00000| Untracked 
| 124|0x0000000087c00000, 0x0000000087c00000, 0x0000000087d00000|  0%| F|  |TAMS 0x0000000087c00000| PB 0x0000000087c00000| Untracked 
| 125|0x0000000087d00000, 0x0000000087d00000, 0x0000000087e00000|  0%| F|  |TAMS 0x0000000087d00000| PB 0x0000000087d00000| Untracked 
| 126|0x0000000087e00000, 0x0000000087e00000, 0x0000000087f00000|  0%| F|  |TAMS 0x0000000087e00000| PB 0x0000000087e00000| Untracked 
| 127|0x0000000087f00000, 0x0000000087f00000, 0x0000000088000000|  0%| F|  |TAMS 0x0000000087f00000| PB 0x0000000087f00000| Untracked 
| 128|0x0000000088000000, 0x0000000088000000, 0x0000000088100000|  0%| F|  |TAMS 0x0000000088000000| PB 0x0000000088000000| Untracked 
| 129|0x0000000088100000, 0x0000000088100000, 0x0000000088200000|  0%| F|  |TAMS 0x0000000088100000| PB 0x0000000088100000| Untracked 
| 130|0x0000000088200000, 0x0000000088200000, 0x0000000088300000|  0%| F|  |TAMS 0x0000000088200000| PB 0x0000000088200000| Untracked 
| 131|0x0000000088300000, 0x0000000088300000, 0x0000000088400000|  0%| F|  |TAMS 0x0000000088300000| PB 0x0000000088300000| Untracked 
| 132|0x0000000088400000, 0x0000000088400000, 0x0000000088500000|  0%| F|  |TAMS 0x0000000088400000| PB 0x0000000088400000| Untracked 
| 133|0x0000000088500000, 0x0000000088500000, 0x0000000088600000|  0%| F|  |TAMS 0x0000000088500000| PB 0x0000000088500000| Untracked 
| 134|0x0000000088600000, 0x0000000088600000, 0x0000000088700000|  0%| F|  |TAMS 0x0000000088600000| PB 0x0000000088600000| Untracked 
| 135|0x0000000088700000, 0x0000000088700000, 0x0000000088800000|  0%| F|  |TAMS 0x0000000088700000| PB 0x0000000088700000| Untracked 
| 136|0x0000000088800000, 0x0000000088800000, 0x0000000088900000|  0%| F|  |TAMS 0x0000000088800000| PB 0x0000000088800000| Untracked 
| 137|0x0000000088900000, 0x0000000088900000, 0x0000000088a00000|  0%| F|  |TAMS 0x0000000088900000| PB 0x0000000088900000| Untracked 
| 138|0x0000000088a00000, 0x0000000088a00000, 0x0000000088b00000|  0%| F|  |TAMS 0x0000000088a00000| PB 0x0000000088a00000| Untracked 
| 139|0x0000000088b00000, 0x0000000088b00000, 0x0000000088c00000|  0%| F|  |TAMS 0x0000000088b00000| PB 0x0000000088b00000| Untracked 
| 140|0x0000000088c00000, 0x0000000088c00000, 0x0000000088d00000|  0%| F|  |TAMS 0x0000000088c00000| PB 0x0000000088c00000| Untracked 
| 141|0x0000000088d00000, 0x0000000088d00000, 0x0000000088e00000|  0%| F|  |TAMS 0x0000000088d00000| PB 0x0000000088d00000| Untracked 
| 142|0x0000000088e00000, 0x0000000088e00000, 0x0000000088f00000|  0%| F|  |TAMS 0x0000000088e00000| PB 0x0000000088e00000| Untracked 
| 143|0x0000000088f00000, 0x0000000088f80800, 0x0000000089000000| 50%| E|  |TAMS 0x0000000088f00000| PB 0x0000000088f00000| Complete 
| 144|0x0000000089000000, 0x0000000089100000, 0x0000000089100000|100%| E|CS|TAMS 0x0000000089000000| PB 0x0000000089000000| Complete 
| 145|0x0000000089100000, 0x0000000089200000, 0x0000000089200000|100%| E|CS|TAMS 0x0000000089100000| PB 0x0000000089100000| Complete 
| 146|0x0000000089200000, 0x0000000089300000, 0x0000000089300000|100%| E|CS|TAMS 0x0000000089200000| PB 0x0000000089200000| Complete 
| 147|0x0000000089300000, 0x0000000089400000, 0x0000000089400000|100%| E|CS|TAMS 0x0000000089300000| PB 0x0000000089300000| Complete 
| 148|0x0000000089400000, 0x0000000089500000, 0x0000000089500000|100%| E|CS|TAMS 0x0000000089400000| PB 0x0000000089400000| Complete 
| 149|0x0000000089500000, 0x0000000089600000, 0x0000000089600000|100%| E|CS|TAMS 0x0000000089500000| PB 0x0000000089500000| Complete 
| 150|0x0000000089600000, 0x0000000089700000, 0x0000000089700000|100%| E|CS|TAMS 0x0000000089600000| PB 0x0000000089600000| Complete 
| 151|0x0000000089700000, 0x0000000089800000, 0x0000000089800000|100%| E|CS|TAMS 0x0000000089700000| PB 0x0000000089700000| Complete 
| 152|0x0000000089800000, 0x0000000089900000, 0x0000000089900000|100%| E|CS|TAMS 0x0000000089800000| PB 0x0000000089800000| Complete 
| 153|0x0000000089900000, 0x0000000089a00000, 0x0000000089a00000|100%| E|CS|TAMS 0x0000000089900000| PB 0x0000000089900000| Complete 
| 154|0x0000000089a00000, 0x0000000089b00000, 0x0000000089b00000|100%| E|CS|TAMS 0x0000000089a00000| PB 0x0000000089a00000| Complete 
| 155|0x0000000089b00000, 0x0000000089c00000, 0x0000000089c00000|100%| E|CS|TAMS 0x0000000089b00000| PB 0x0000000089b00000| Complete 
| 156|0x0000000089c00000, 0x0000000089d00000, 0x0000000089d00000|100%| E|CS|TAMS 0x0000000089c00000| PB 0x0000000089c00000| Complete 
| 157|0x0000000089d00000, 0x0000000089e00000, 0x0000000089e00000|100%| E|CS|TAMS 0x0000000089d00000| PB 0x0000000089d00000| Complete 
| 158|0x0000000089e00000, 0x0000000089f00000, 0x0000000089f00000|100%| E|CS|TAMS 0x0000000089e00000| PB 0x0000000089e00000| Complete 
| 159|0x0000000089f00000, 0x000000008a000000, 0x000000008a000000|100%| E|CS|TAMS 0x0000000089f00000| PB 0x0000000089f00000| Complete 
| 160|0x000000008a000000, 0x000000008a100000, 0x000000008a100000|100%| E|CS|TAMS 0x000000008a000000| PB 0x000000008a000000| Complete 
| 161|0x000000008a100000, 0x000000008a200000, 0x000000008a200000|100%| E|CS|TAMS 0x000000008a100000| PB 0x000000008a100000| Complete 
| 162|0x000000008a200000, 0x000000008a300000, 0x000000008a300000|100%| E|CS|TAMS 0x000000008a200000| PB 0x000000008a200000| Complete 
| 163|0x000000008a300000, 0x000000008a400000, 0x000000008a400000|100%| E|CS|TAMS 0x000000008a300000| PB 0x000000008a300000| Complete 
| 164|0x000000008a400000, 0x000000008a500000, 0x000000008a500000|100%| E|CS|TAMS 0x000000008a400000| PB 0x000000008a400000| Complete 
| 165|0x000000008a500000, 0x000000008a600000, 0x000000008a600000|100%| E|CS|TAMS 0x000000008a500000| PB 0x000000008a500000| Complete 
| 166|0x000000008a600000, 0x000000008a700000, 0x000000008a700000|100%| E|CS|TAMS 0x000000008a600000| PB 0x000000008a600000| Complete 
| 167|0x000000008a700000, 0x000000008a800000, 0x000000008a800000|100%| E|CS|TAMS 0x000000008a700000| PB 0x000000008a700000| Complete 
| 168|0x000000008a800000, 0x000000008a900000, 0x000000008a900000|100%| E|CS|TAMS 0x000000008a800000| PB 0x000000008a800000| Complete 
| 169|0x000000008a900000, 0x000000008aa00000, 0x000000008aa00000|100%| E|CS|TAMS 0x000000008a900000| PB 0x000000008a900000| Complete 
| 170|0x000000008aa00000, 0x000000008ab00000, 0x000000008ab00000|100%| E|CS|TAMS 0x000000008aa00000| PB 0x000000008aa00000| Complete 
| 171|0x000000008ab00000, 0x000000008ac00000, 0x000000008ac00000|100%| E|CS|TAMS 0x000000008ab00000| PB 0x000000008ab00000| Complete 
| 172|0x000000008ac00000, 0x000000008ad00000, 0x000000008ad00000|100%| E|CS|TAMS 0x000000008ac00000| PB 0x000000008ac00000| Complete 
| 173|0x000000008ad00000, 0x000000008ae00000, 0x000000008ae00000|100%| E|CS|TAMS 0x000000008ad00000| PB 0x000000008ad00000| Complete 
| 174|0x000000008ae00000, 0x000000008af00000, 0x000000008af00000|100%| E|CS|TAMS 0x000000008ae00000| PB 0x000000008ae00000| Complete 
| 175|0x000000008af00000, 0x000000008b000000, 0x000000008b000000|100%| E|CS|TAMS 0x000000008af00000| PB 0x000000008af00000| Complete 
| 176|0x000000008b000000, 0x000000008b100000, 0x000000008b100000|100%| E|CS|TAMS 0x000000008b000000| PB 0x000000008b000000| Complete 
| 177|0x000000008b100000, 0x000000008b200000, 0x000000008b200000|100%| E|CS|TAMS 0x000000008b100000| PB 0x000000008b100000| Complete 
| 178|0x000000008b200000, 0x000000008b300000, 0x000000008b300000|100%| E|CS|TAMS 0x000000008b200000| PB 0x000000008b200000| Complete 
| 179|0x000000008b300000, 0x000000008b400000, 0x000000008b400000|100%| E|CS|TAMS 0x000000008b300000| PB 0x000000008b300000| Complete 
| 180|0x000000008b400000, 0x000000008b500000, 0x000000008b500000|100%| E|CS|TAMS 0x000000008b400000| PB 0x000000008b400000| Complete 
| 181|0x000000008b500000, 0x000000008b600000, 0x000000008b600000|100%| E|CS|TAMS 0x000000008b500000| PB 0x000000008b500000| Complete 
| 182|0x000000008b600000, 0x000000008b700000, 0x000000008b700000|100%| E|CS|TAMS 0x000000008b600000| PB 0x000000008b600000| Complete 
| 183|0x000000008b700000, 0x000000008b800000, 0x000000008b800000|100%| E|CS|TAMS 0x000000008b700000| PB 0x000000008b700000| Complete 
| 184|0x000000008b800000, 0x000000008b900000, 0x000000008b900000|100%| E|CS|TAMS 0x000000008b800000| PB 0x000000008b800000| Complete 
| 185|0x000000008b900000, 0x000000008ba00000, 0x000000008ba00000|100%| E|CS|TAMS 0x000000008b900000| PB 0x000000008b900000| Complete 
| 186|0x000000008ba00000, 0x000000008bb00000, 0x000000008bb00000|100%| E|CS|TAMS 0x000000008ba00000| PB 0x000000008ba00000| Complete 
| 187|0x000000008bb00000, 0x000000008bc00000, 0x000000008bc00000|100%| E|CS|TAMS 0x000000008bb00000| PB 0x000000008bb00000| Complete 
| 188|0x000000008bc00000, 0x000000008bd00000, 0x000000008bd00000|100%| E|CS|TAMS 0x000000008bc00000| PB 0x000000008bc00000| Complete 
| 189|0x000000008bd00000, 0x000000008be00000, 0x000000008be00000|100%| E|CS|TAMS 0x000000008bd00000| PB 0x000000008bd00000| Complete 
| 190|0x000000008be00000, 0x000000008bf00000, 0x000000008bf00000|100%| E|CS|TAMS 0x000000008be00000| PB 0x000000008be00000| Complete 
| 191|0x000000008bf00000, 0x000000008c000000, 0x000000008c000000|100%| E|CS|TAMS 0x000000008bf00000| PB 0x000000008bf00000| Complete 
| 192|0x000000008c000000, 0x000000008c100000, 0x000000008c100000|100%| E|CS|TAMS 0x000000008c000000| PB 0x000000008c000000| Complete 
| 193|0x000000008c100000, 0x000000008c200000, 0x000000008c200000|100%| E|CS|TAMS 0x000000008c100000| PB 0x000000008c100000| Complete 
| 194|0x000000008c200000, 0x000000008c300000, 0x000000008c300000|100%| E|CS|TAMS 0x000000008c200000| PB 0x000000008c200000| Complete 
| 195|0x000000008c300000, 0x000000008c400000, 0x000000008c400000|100%| E|CS|TAMS 0x000000008c300000| PB 0x000000008c300000| Complete 
| 196|0x000000008c400000, 0x000000008c500000, 0x000000008c500000|100%| E|CS|TAMS 0x000000008c400000| PB 0x000000008c400000| Complete 
| 197|0x000000008c500000, 0x000000008c600000, 0x000000008c600000|100%| E|CS|TAMS 0x000000008c500000| PB 0x000000008c500000| Complete 
| 198|0x000000008c600000, 0x000000008c700000, 0x000000008c700000|100%| E|CS|TAMS 0x000000008c600000| PB 0x000000008c600000| Complete 
| 199|0x000000008c700000, 0x000000008c800000, 0x000000008c800000|100%| E|CS|TAMS 0x000000008c700000| PB 0x000000008c700000| Complete 
| 200|0x000000008c800000, 0x000000008c900000, 0x000000008c900000|100%| E|CS|TAMS 0x000000008c800000| PB 0x000000008c800000| Complete 
| 201|0x000000008c900000, 0x000000008ca00000, 0x000000008ca00000|100%| E|CS|TAMS 0x000000008c900000| PB 0x000000008c900000| Complete 
| 202|0x000000008ca00000, 0x000000008cb00000, 0x000000008cb00000|100%| E|CS|TAMS 0x000000008ca00000| PB 0x000000008ca00000| Complete 
| 203|0x000000008cb00000, 0x000000008cc00000, 0x000000008cc00000|100%| E|CS|TAMS 0x000000008cb00000| PB 0x000000008cb00000| Complete 
| 204|0x000000008cc00000, 0x000000008cd00000, 0x000000008cd00000|100%| E|CS|TAMS 0x000000008cc00000| PB 0x000000008cc00000| Complete 
| 205|0x000000008cd00000, 0x000000008ce00000, 0x000000008ce00000|100%| E|CS|TAMS 0x000000008cd00000| PB 0x000000008cd00000| Complete 
| 206|0x000000008ce00000, 0x000000008cf00000, 0x000000008cf00000|100%| E|CS|TAMS 0x000000008ce00000| PB 0x000000008ce00000| Complete 
| 207|0x000000008cf00000, 0x000000008d000000, 0x000000008d000000|100%| S|CS|TAMS 0x000000008cf00000| PB 0x000000008cf00000| Complete 
| 208|0x000000008d000000, 0x000000008d100000, 0x000000008d100000|100%| S|CS|TAMS 0x000000008d000000| PB 0x000000008d000000| Complete 
| 209|0x000000008d100000, 0x000000008d200000, 0x000000008d200000|100%| S|CS|TAMS 0x000000008d100000| PB 0x000000008d100000| Complete 
| 210|0x000000008d200000, 0x000000008d300000, 0x000000008d300000|100%| S|CS|TAMS 0x000000008d200000| PB 0x000000008d200000| Complete 
| 211|0x000000008d300000, 0x000000008d400000, 0x000000008d400000|100%| S|CS|TAMS 0x000000008d300000| PB 0x000000008d300000| Complete 
| 212|0x000000008d400000, 0x000000008d500000, 0x000000008d500000|100%| E|CS|TAMS 0x000000008d400000| PB 0x000000008d400000| Complete 
| 213|0x000000008d500000, 0x000000008d600000, 0x000000008d600000|100%| E|CS|TAMS 0x000000008d500000| PB 0x000000008d500000| Complete 
| 214|0x000000008d600000, 0x000000008d700000, 0x000000008d700000|100%| E|CS|TAMS 0x000000008d600000| PB 0x000000008d600000| Complete 
| 215|0x000000008d700000, 0x000000008d800000, 0x000000008d800000|100%| E|CS|TAMS 0x000000008d700000| PB 0x000000008d700000| Complete 
| 216|0x000000008d800000, 0x000000008d900000, 0x000000008d900000|100%| E|CS|TAMS 0x000000008d800000| PB 0x000000008d800000| Complete 
| 217|0x000000008d900000, 0x000000008da00000, 0x000000008da00000|100%| E|CS|TAMS 0x000000008d900000| PB 0x000000008d900000| Complete 
| 218|0x000000008da00000, 0x000000008db00000, 0x000000008db00000|100%| E|CS|TAMS 0x000000008da00000| PB 0x000000008da00000| Complete 
| 219|0x000000008db00000, 0x000000008dc00000, 0x000000008dc00000|100%| E|CS|TAMS 0x000000008db00000| PB 0x000000008db00000| Complete 
| 220|0x000000008dc00000, 0x000000008dd00000, 0x000000008dd00000|100%| E|CS|TAMS 0x000000008dc00000| PB 0x000000008dc00000| Complete 
| 221|0x000000008dd00000, 0x000000008de00000, 0x000000008de00000|100%| E|CS|TAMS 0x000000008dd00000| PB 0x000000008dd00000| Complete 
| 222|0x000000008de00000, 0x000000008df00000, 0x000000008df00000|100%| E|CS|TAMS 0x000000008de00000| PB 0x000000008de00000| Complete 
| 223|0x000000008df00000, 0x000000008e000000, 0x000000008e000000|100%| E|CS|TAMS 0x000000008df00000| PB 0x000000008df00000| Complete 
| 224|0x000000008e000000, 0x000000008e100000, 0x000000008e100000|100%| E|CS|TAMS 0x000000008e000000| PB 0x000000008e000000| Complete 
| 225|0x000000008e100000, 0x000000008e200000, 0x000000008e200000|100%| E|CS|TAMS 0x000000008e100000| PB 0x000000008e100000| Complete 
| 226|0x000000008e200000, 0x000000008e300000, 0x000000008e300000|100%| E|CS|TAMS 0x000000008e200000| PB 0x000000008e200000| Complete 
| 227|0x000000008e300000, 0x000000008e400000, 0x000000008e400000|100%| E|CS|TAMS 0x000000008e300000| PB 0x000000008e300000| Complete 
| 228|0x000000008e400000, 0x000000008e500000, 0x000000008e500000|100%| E|CS|TAMS 0x000000008e400000| PB 0x000000008e400000| Complete 
| 229|0x000000008e500000, 0x000000008e600000, 0x000000008e600000|100%| E|CS|TAMS 0x000000008e500000| PB 0x000000008e500000| Complete 
| 230|0x000000008e600000, 0x000000008e700000, 0x000000008e700000|100%| E|CS|TAMS 0x000000008e600000| PB 0x000000008e600000| Complete 
| 231|0x000000008e700000, 0x000000008e800000, 0x000000008e800000|100%| E|CS|TAMS 0x000000008e700000| PB 0x000000008e700000| Complete 
| 232|0x000000008e800000, 0x000000008e900000, 0x000000008e900000|100%| E|CS|TAMS 0x000000008e800000| PB 0x000000008e800000| Complete 
| 233|0x000000008e900000, 0x000000008ea00000, 0x000000008ea00000|100%| E|CS|TAMS 0x000000008e900000| PB 0x000000008e900000| Complete 
| 234|0x000000008ea00000, 0x000000008eb00000, 0x000000008eb00000|100%| E|CS|TAMS 0x000000008ea00000| PB 0x000000008ea00000| Complete 
| 235|0x000000008eb00000, 0x000000008ec00000, 0x000000008ec00000|100%| E|CS|TAMS 0x000000008eb00000| PB 0x000000008eb00000| Complete 
| 236|0x000000008ec00000, 0x000000008ed00000, 0x000000008ed00000|100%| E|CS|TAMS 0x000000008ec00000| PB 0x000000008ec00000| Complete 
| 237|0x000000008ed00000, 0x000000008ee00000, 0x000000008ee00000|100%| E|CS|TAMS 0x000000008ed00000| PB 0x000000008ed00000| Complete 
| 238|0x000000008ee00000, 0x000000008ef00000, 0x000000008ef00000|100%| E|CS|TAMS 0x000000008ee00000| PB 0x000000008ee00000| Complete 
| 239|0x000000008ef00000, 0x000000008f000000, 0x000000008f000000|100%| E|CS|TAMS 0x000000008ef00000| PB 0x000000008ef00000| Complete 
| 240|0x000000008f000000, 0x000000008f100000, 0x000000008f100000|100%| E|CS|TAMS 0x000000008f000000| PB 0x000000008f000000| Complete 
| 241|0x000000008f100000, 0x000000008f200000, 0x000000008f200000|100%| E|CS|TAMS 0x000000008f100000| PB 0x000000008f100000| Complete 
| 242|0x000000008f200000, 0x000000008f300000, 0x000000008f300000|100%| E|CS|TAMS 0x000000008f200000| PB 0x000000008f200000| Complete 
| 243|0x000000008f300000, 0x000000008f400000, 0x000000008f400000|100%| E|CS|TAMS 0x000000008f300000| PB 0x000000008f300000| Complete 
| 244|0x000000008f400000, 0x000000008f500000, 0x000000008f500000|100%| E|CS|TAMS 0x000000008f400000| PB 0x000000008f400000| Complete 
| 245|0x000000008f500000, 0x000000008f600000, 0x000000008f600000|100%| E|CS|TAMS 0x000000008f500000| PB 0x000000008f500000| Complete 
| 246|0x000000008f600000, 0x000000008f700000, 0x000000008f700000|100%| E|CS|TAMS 0x000000008f600000| PB 0x000000008f600000| Complete 
| 247|0x000000008f700000, 0x000000008f800000, 0x000000008f800000|100%| E|CS|TAMS 0x000000008f700000| PB 0x000000008f700000| Complete 
| 248|0x000000008f800000, 0x000000008f900000, 0x000000008f900000|100%| E|CS|TAMS 0x000000008f800000| PB 0x000000008f800000| Complete 
| 249|0x000000008f900000, 0x000000008fa00000, 0x000000008fa00000|100%| E|CS|TAMS 0x000000008f900000| PB 0x000000008f900000| Complete 

Card table byte_map: [0x00000181ca340000,0x00000181ca740000] _byte_map_base: 0x00000181c9f40000

Marking Bits: (CMBitMap*) 0x00000181b2285c90
 Bits: [0x00000181ca740000, 0x00000181cc740000)

Polling page: 0x00000181b01b0000

Metaspace:

Usage:
  Non-class:     13.74 MB used.
      Class:      2.06 MB used.
       Both:     15.80 MB used.

Virtual space:
  Non-class space:       64.00 MB reserved,      14.00 MB ( 22%) committed,  1 nodes.
      Class space:      416.00 MB reserved,       2.31 MB ( <1%) committed,  1 nodes.
             Both:      480.00 MB reserved,      16.31 MB (  3%) committed. 

Chunk freelists:
   Non-Class:  1.52 MB
       Class:  13.54 MB
        Both:  15.05 MB

MaxMetaspaceSize: 512.00 MB
CompressedClassSpaceSize: 416.00 MB
Initial GC threshold: 21.00 MB
Current GC threshold: 21.00 MB
CDS: on
 - commit_granule_bytes: 65536.
 - commit_granule_words: 8192.
 - virtual_space_node_default_size: 8388608.
 - enlarge_chunks_in_place: 1.
 - use_allocation_guard: 0.


Internal statistics:

num_allocs_failed_limit: 0.
num_arena_births: 522.
num_arena_deaths: 0.
num_vsnodes_births: 2.
num_vsnodes_deaths: 0.
num_space_committed: 261.
num_space_uncommitted: 0.
num_chunks_returned_to_freelist: 0.
num_chunks_taken_from_freelist: 1041.
num_chunk_merges: 0.
num_chunk_splits: 686.
num_chunks_enlarged: 475.
num_inconsistent_stats: 0.

CodeHeap 'non-profiled nmethods': size=119168Kb used=1313Kb max_used=1313Kb free=117854Kb
 bounds [0x00000181c2250000, 0x00000181c24c0000, 0x00000181c96b0000]
CodeHeap 'profiled nmethods': size=119104Kb used=5822Kb max_used=5822Kb free=113281Kb
 bounds [0x00000181ba6b0000, 0x00000181bac60000, 0x00000181c1b00000]
CodeHeap 'non-nmethods': size=7488Kb used=3168Kb max_used=3186Kb free=4319Kb
 bounds [0x00000181c1b00000, 0x00000181c1e20000, 0x00000181c2250000]
 total_blobs=3459 nmethods=2897 adapters=463
 compilation: enabled
              stopped_count=0, restarted_count=0
 full_count=0

Compilation events (20 events):
Event: 4.176 Thread 0x00000181efa4bd80 2851       3       org.gradle.internal.service.DefaultServiceRegistry$OwnServices::getProviders (26 bytes)
Event: 4.176 Thread 0x00000181cf6fd180 2853       3       org.gradle.internal.service.DefaultServiceRegistry$CompositeServiceProvider::getService (52 bytes)
Event: 4.176 Thread 0x00000181cf84b5c0 2852       3       org.gradle.internal.service.DefaultServiceRegistry$OwnServices::getService (317 bytes)
Event: 4.176 Thread 0x00000181efa4bd80 nmethod 2851 0x00000181bac42410 code [0x00000181bac425e0, 0x00000181bac42968]
Event: 4.176 Thread 0x00000181efa4bd80 2854       3       java.lang.invoke.VarHandleGuards::guard_LLL_Z (86 bytes)
Event: 4.176 Thread 0x00000181cf6fafd0 nmethod 2849 0x00000181c2394510 code [0x00000181c23946a0, 0x00000181c23948c0]
Event: 4.176 Thread 0x00000181cf6fd180 nmethod 2853 0x00000181bac42a90 code [0x00000181bac42c60, 0x00000181bac42f90]
Event: 4.178 Thread 0x00000181efa4bd80 nmethod 2854 0x00000181bac43110 code [0x00000181bac43440, 0x00000181bac44df0]
Event: 4.178 Thread 0x00000181cf84b5c0 nmethod 2852 0x00000181bac45590 code [0x00000181bac45ae0, 0x00000181bac48900]
Event: 4.183 Thread 0x00000181f0908a50 2856   !   4       java.lang.ClassLoader::loadClass (121 bytes)
Event: 4.184 Thread 0x00000181efb52d00 2857       3       java.lang.invoke.TypeConvertingMethodAdapter::convertType (299 bytes)
Event: 4.186 Thread 0x00000181cf6fd180 2858       3       java.lang.invoke.MethodType::genericMethodType (6 bytes)
Event: 4.186 Thread 0x00000181cf6fd180 nmethod 2858 0x00000181bac49690 code [0x00000181bac49840, 0x00000181bac49960]
Event: 4.187 Thread 0x00000181efb52d00 nmethod 2857 0x00000181bac49a10 code [0x00000181bac4a0c0, 0x00000181bac4db70]
Event: 4.187 Thread 0x00000181efb52d00 2859       3       java.util.regex.Pattern$BmpCharPropertyGreedy::match (89 bytes)
Event: 4.188 Thread 0x00000181efb52d00 nmethod 2859 0x00000181bac4ef10 code [0x00000181bac4f100, 0x00000181bac4f750]
Event: 4.194 Thread 0x00000181cf6fafd0 2860       4       java.security.AccessController::checkContext (49 bytes)
Event: 4.195 Thread 0x00000181cf6fafd0 nmethod 2860 0x00000181c2394d10 code [0x00000181c2394e80, 0x00000181c2394ee8]
Event: 4.207 Thread 0x00000181cf84b5c0 2862       1       java.util.concurrent.atomic.AtomicInteger::get (5 bytes)
Event: 4.208 Thread 0x00000181cf84b5c0 nmethod 2862 0x00000181c2395310 code [0x00000181c23954a0, 0x00000181c2395568]

GC Heap History (4 events):
Event: 0.581 GC heap before
{Heap before GC invocations=0 (full 0):
 garbage-first heap   total 256000K, used 23552K [0x0000000080000000, 0x0000000100000000)
  region size 1024K, 23 young (23552K), 0 survivors (0K)
 Metaspace       used 917K, committed 1088K, reserved 491520K
  class space    used 71K, committed 128K, reserved 425984K
}
Event: 0.587 GC heap after
{Heap after GC invocations=1 (full 0):
 garbage-first heap   total 256000K, used 1855K [0x0000000080000000, 0x0000000100000000)
  region size 1024K, 2 young (2048K), 2 survivors (2048K)
 Metaspace       used 917K, committed 1088K, reserved 491520K
  class space    used 71K, committed 128K, reserved 425984K
}
Event: 1.671 GC heap before
{Heap before GC invocations=1 (full 0):
 garbage-first heap   total 256000K, used 41791K [0x0000000080000000, 0x0000000100000000)
  region size 1024K, 38 young (38912K), 2 survivors (2048K)
 Metaspace       used 4695K, committed 4928K, reserved 491520K
  class space    used 571K, committed 640K, reserved 425984K
}
Event: 1.675 GC heap after
{Heap after GC invocations=2 (full 0):
 garbage-first heap   total 256000K, used 11942K [0x0000000080000000, 0x0000000100000000)
  region size 1024K, 5 young (5120K), 5 survivors (5120K)
 Metaspace       used 4695K, committed 4928K, reserved 491520K
  class space    used 571K, committed 640K, reserved 425984K
}

Dll operation events (15 events):
Event: 0.018 Loaded shared library C:\Program Files\Java\jdk-21\bin\java.dll
Event: 0.077 Loaded shared library C:\Program Files\Java\jdk-21\bin\jsvml.dll
Event: 0.113 Loaded shared library C:\Program Files\Java\jdk-21\bin\zip.dll
Event: 0.118 Loaded shared library C:\Program Files\Java\jdk-21\bin\instrument.dll
Event: 0.123 Loaded shared library C:\Program Files\Java\jdk-21\bin\net.dll
Event: 0.127 Loaded shared library C:\Program Files\Java\jdk-21\bin\nio.dll
Event: 0.130 Loaded shared library C:\Program Files\Java\jdk-21\bin\zip.dll
Event: 0.595 Loaded shared library C:\Program Files\Java\jdk-21\bin\jimage.dll
Event: 1.046 Loaded shared library C:\Program Files\Java\jdk-21\bin\verify.dll
Event: 1.100 Loaded shared library C:\Users\woow0\.gradle\native\660c5614fbf4a5f2a75b1949f50a0caf5cd603558e7d8a26e50b933a0cfb79d1\windows-amd64\native-platform.dll
Event: 1.117 Loaded shared library C:\Users\woow0\.gradle\native\0.2.8\x86_64-windows-gnu\gradle-fileevents.dll
Event: 2.880 Loaded shared library C:\Program Files\Java\jdk-21\bin\management.dll
Event: 2.884 Loaded shared library C:\Program Files\Java\jdk-21\bin\management_ext.dll
Event: 3.074 Loaded shared library C:\Program Files\Java\jdk-21\bin\extnet.dll
Event: 3.388 Loaded shared library C:\Program Files\Java\jdk-21\bin\sunmscapi.dll

Deoptimization events (20 events):
Event: 3.907 Thread 0x00000181f0a33400 DEOPT PACKING pc=0x00000181c22ed998 sp=0x0000007244afb5e0
Event: 3.907 Thread 0x00000181f0a33400 DEOPT UNPACKING pc=0x00000181c1b546a2 sp=0x0000007244afb548 mode 2
Event: 4.093 Thread 0x00000181f0a33400 DEOPT PACKING pc=0x00000181bab64a41 sp=0x0000007244afc730
Event: 4.093 Thread 0x00000181f0a33400 DEOPT UNPACKING pc=0x00000181c1b54e42 sp=0x0000007244afbc40 mode 0
Event: 4.177 Thread 0x00000181f0a33400 Uncommon trap: trap_request=0xffffffde fr.pc=0x00000181c227b410 relative=0x0000000000000610
Event: 4.177 Thread 0x00000181f0a33400 Uncommon trap: reason=class_check action=maybe_recompile pc=0x00000181c227b410 method=java.util.regex.Matcher.match(II)Z @ 121 c2
Event: 4.177 Thread 0x00000181f0a33400 DEOPT PACKING pc=0x00000181c227b410 sp=0x0000007244afc090
Event: 4.177 Thread 0x00000181f0a33400 DEOPT UNPACKING pc=0x00000181c1b546a2 sp=0x0000007244afc028 mode 2
Event: 4.177 Thread 0x00000181f0a33400 Uncommon trap: trap_request=0xffffff76 fr.pc=0x00000181c23215e0 relative=0x00000000000001a0
Event: 4.177 Thread 0x00000181f0a33400 Uncommon trap: reason=predicate action=maybe_recompile pc=0x00000181c23215e0 method=java.util.regex.Pattern$BmpCharPropertyGreedy.match(Ljava/util/regex/Matcher;ILjava/lang/CharSequence;)Z @ 12 c2
Event: 4.177 Thread 0x00000181f0a33400 DEOPT PACKING pc=0x00000181c23215e0 sp=0x0000007244afbff0
Event: 4.177 Thread 0x00000181f0a33400 DEOPT UNPACKING pc=0x00000181c1b546a2 sp=0x0000007244afbfa8 mode 2
Event: 4.187 Thread 0x00000181f0a33400 Uncommon trap: trap_request=0xffffffde fr.pc=0x00000181c227b410 relative=0x0000000000000610
Event: 4.187 Thread 0x00000181f0a33400 Uncommon trap: reason=class_check action=maybe_recompile pc=0x00000181c227b410 method=java.util.regex.Matcher.match(II)Z @ 121 c2
Event: 4.187 Thread 0x00000181f0a33400 DEOPT PACKING pc=0x00000181c227b410 sp=0x0000007244afbc60
Event: 4.187 Thread 0x00000181f0a33400 DEOPT UNPACKING pc=0x00000181c1b546a2 sp=0x0000007244afbbf8 mode 2
Event: 4.200 Thread 0x00000181f0a618c0 Uncommon trap: trap_request=0xffffff45 fr.pc=0x00000181c2343f1c relative=0x000000000000017c
Event: 4.200 Thread 0x00000181f0a618c0 Uncommon trap: reason=unstable_if action=reinterpret pc=0x00000181c2343f1c method=java.util.concurrent.locks.ReentrantLock$NonfairSync.initialTryLock()Z @ 25 c2
Event: 4.200 Thread 0x00000181f0a618c0 DEOPT PACKING pc=0x00000181c2343f1c sp=0x00000072450fefa0
Event: 4.200 Thread 0x00000181f0a618c0 DEOPT UNPACKING pc=0x00000181c1b546a2 sp=0x00000072450fef40 mode 2

Classes loaded (20 events):
Event: 4.170 Loading class java/nio/file/attribute/PosixFilePermission
Event: 4.170 Loading class java/nio/file/attribute/PosixFilePermission done
Event: 4.170 Loading class java/nio/file/NoSuchFileException
Event: 4.170 Loading class java/nio/file/FileSystemException
Event: 4.170 Loading class java/nio/file/FileSystemException done
Event: 4.170 Loading class java/nio/file/NoSuchFileException done
Event: 4.171 Loading class java/nio/file/attribute/PosixFilePermissions
Event: 4.171 Loading class java/nio/file/attribute/PosixFilePermissions done
Event: 4.171 Loading class java/util/RegularEnumSet$EnumSetIterator
Event: 4.172 Loading class java/util/RegularEnumSet$EnumSetIterator done
Event: 4.172 Loading class java/nio/file/attribute/PosixFilePermissions$1
Event: 4.172 Loading class java/nio/file/attribute/PosixFilePermissions$1 done
Event: 4.191 Loading class java/util/concurrent/ArrayBlockingQueue
Event: 4.191 Loading class java/util/concurrent/ArrayBlockingQueue done
Event: 4.191 Loading class java/util/concurrent/locks/ReentrantLock$FairSync
Event: 4.191 Loading class java/util/concurrent/locks/ReentrantLock$FairSync done
Event: 4.200 Loading class java/net/DatagramPacket
Event: 4.200 Loading class java/net/DatagramPacket done
Event: 4.201 Loading class sun/nio/ch/DatagramChannelImpl$DatagramPackets
Event: 4.201 Loading class sun/nio/ch/DatagramChannelImpl$DatagramPackets done

Classes unloaded (0 events):
No events

Classes redefined (0 events):
No events

Internal exceptions (20 events):
Event: 3.346 Thread 0x00000181b222c8f0 Implicit null exception at 0x00000181c22a9924 to 0x00000181c22a9f88
Event: 3.351 Thread 0x00000181b222c8f0 Exception <a 'java/lang/NoSuchMethodError'{0x000000008b005aa8}: 'java.lang.Object java.lang.invoke.DirectMethodHandle$Holder.newInvokeSpecial(java.lang.Object, java.lang.Object, java.lang.Object, java.lang.Object, java.lang.Object)'> (0x000000008b005aa8) 
thrown [s\open\src\hotspot\share\interpreter\linkResolver.cpp, line 773]
Event: 3.513 Thread 0x00000181f0715c90 Exception <a 'java/lang/NoSuchMethodError'{0x000000008ac45c08}: 'long java.lang.invoke.DirectMethodHandle$Holder.invokeSpecial(java.lang.Object, java.lang.Object)'> (0x000000008ac45c08) 
thrown [s\open\src\hotspot\share\interpreter\linkResolver.cpp, line 773]
Event: 3.514 Thread 0x00000181f0715c90 Exception <a 'java/lang/NoSuchMethodError'{0x000000008ac49030}: 'long java.lang.invoke.Invokers$Holder.invokeExact_MT(java.lang.Object, java.lang.Object)'> (0x000000008ac49030) 
thrown [s\open\src\hotspot\share\interpreter\linkResolver.cpp, line 773]
Event: 3.525 Thread 0x00000181f0715c90 Exception <a 'java/lang/NoSuchMethodError'{0x000000008ac6f330}: 'void java.lang.invoke.DirectMethodHandle$Holder.invokeSpecial(java.lang.Object, java.lang.Object, java.lang.Object)'> (0x000000008ac6f330) 
thrown [s\open\src\hotspot\share\interpreter\linkResolver.cpp, line 773]
Event: 3.534 Thread 0x00000181f0715c90 Exception <a 'java/lang/NoSuchMethodError'{0x000000008ac985a8}: static Lorg/gradle/tooling/internal/provider/serialization/ClassLoaderDetails;.<clinit>()V> (0x000000008ac985a8) 
thrown [s\open\src\hotspot\share\prims\jni.cpp, line 1111]
Event: 3.539 Thread 0x00000181f0715c90 Exception <a 'java/lang/NoSuchMethodError'{0x000000008acb27e8}: static Lorg/gradle/internal/classloader/ClassLoaderSpec;.<clinit>()V> (0x000000008acb27e8) 
thrown [s\open\src\hotspot\share\prims\jni.cpp, line 1111]
Event: 3.540 Thread 0x00000181f0715c90 Exception <a 'java/lang/NoSuchMethodError'{0x000000008acbc248}: static Lorg/gradle/tooling/internal/provider/serialization/WellKnownClassLoaderRegistry$KnownClassLoaderSpec;.<clinit>()V> (0x000000008acbc248) 
thrown [s\open\src\hotspot\share\prims\jni.cpp, line 1111]
Event: 3.544 Thread 0x00000181f0715c90 Exception <a 'java/lang/NoSuchMethodError'{0x000000008acd2a70}: static Lorg/gradle/tooling/internal/provider/serialization/ClientOwnedClassLoaderSpec;.<clinit>()V> (0x000000008acd2a70) 
thrown [s\open\src\hotspot\share\prims\jni.cpp, line 1111]
Event: 3.707 Thread 0x00000181f0a33400 Exception <a 'java/lang/NoSuchMethodError'{0x000000008a60e3c0}: 'long java.lang.invoke.DirectMethodHandle$Holder.invokeInterface(java.lang.Object, java.lang.Object)'> (0x000000008a60e3c0) 
thrown [s\open\src\hotspot\share\interpreter\linkResolver.cpp, line 773]
Event: 3.811 Thread 0x00000181f0a33400 Exception <a 'java/lang/NoSuchMethodError'{0x000000008a2068c0}: 'void java.lang.invoke.DirectMethodHandle$Holder.invokeStatic(java.lang.Object, java.lang.Object)'> (0x000000008a2068c0) 
thrown [s\open\src\hotspot\share\interpreter\linkResolver.cpp, line 773]
Event: 3.841 Thread 0x00000181f0a33400 Exception <a 'java/lang/NoSuchMethodError'{0x000000008a2644d8}: 'java.lang.Object java.lang.invoke.DirectMethodHandle$Holder.invokeVirtual(java.lang.Object, java.lang.Object, java.lang.Object, java.lang.Object, java.lang.Object, java.lang.Object, java.lang.Object, java.lang.Object, java.lang.Object, java.lang.Object, java.lang.Object, java.lang.Object)'> (0x000000008a2644d8) 
thrown [s\open\src\hotspot\share\interpreter\linkResolver.cpp, line 773]
Event: 3.865 Thread 0x00000181f0a33400 Exception <a 'java/lang/NoSuchMethodError'{0x000000008a269460}: 'java.lang.Object java.lang.invoke.DirectMethodHandle$Holder.invokeSpecial(java.lang.Object, java.lang.Object, java.lang.Object, java.lang.Object, java.lang.Object, java.lang.Object, java.lang.Object, java.lang.Object, java.lang.Object, java.lang.Object, java.lang.Object, java.lang.Object, java.lang.Object)'> (0x000000008a269460) 
thrown [s\open\src\hotspot\share\interpreter\linkResolver.cpp, line 773]
Event: 3.911 Thread 0x00000181f0a33400 Exception <a 'java/lang/NoSuchMethodError'{0x000000008a075730}: 'int java.lang.invoke.DirectMethodHandle$Holder.invokeVirtual(java.lang.Object, java.lang.Object, java.lang.Object)'> (0x000000008a075730) 
thrown [s\open\src\hotspot\share\interpreter\linkResolver.cpp, line 773]
Event: 3.953 Thread 0x00000181f0a33400 Exception <a 'java/lang/NoSuchMethodError'{0x0000000089d860c8}: 'java.lang.Object java.lang.invoke.DirectMethodHandle$Holder.newInvokeSpecial(java.lang.Object, java.lang.Object, java.lang.Object, java.lang.Object, java.lang.Object, java.lang.Object)'> (0x0000000089d860c8) 
thrown [s\open\src\hotspot\share\interpreter\linkResolver.cpp, line 773]
Event: 4.038 Thread 0x00000181f0a33400 Exception <a 'java/lang/NoSuchMethodError'{0x0000000089a31120}: 'void java.lang.invoke.DelegatingMethodHandle$Holder.reinvoke_L(java.lang.Object, java.lang.Object, java.lang.Object, java.lang.Object, java.lang.Object, java.lang.Object, java.lang.Object, java.lang.Object, java.lang.Object, java.lang.Object)'> (0x0000000089a31120) 
thrown [s\open\src\hotspot\share\interpreter\linkResolver.cpp, line 773]
Event: 4.038 Thread 0x00000181f0a33400 Exception <a 'java/lang/NoSuchMethodError'{0x0000000089a38b40}: 'java.lang.Object java.lang.invoke.Invokers$Holder.invoker(java.lang.Object, java.lang.Object, java.lang.Object, java.lang.Object, java.lang.Object, java.lang.Object, java.lang.Object, java.lang.Object, java.lang.Object, java.lang.Object)'> (0x0000000089a38b40) 
thrown [s\open\src\hotspot\share\interpreter\linkResolver.cpp, line 773]
Event: 4.174 Thread 0x00000181f0a33400 Exception <a 'java/lang/NoSuchMethodError'{0x000000008930c638}: 'void java.lang.invoke.DirectMethodHandle$Holder.invokeInterface(java.lang.Object, java.lang.Object)'> (0x000000008930c638) 
thrown [s\open\src\hotspot\share\interpreter\linkResolver.cpp, line 773]
Event: 4.174 Thread 0x00000181f0a33400 Exception <a 'java/lang/IncompatibleClassChangeError'{0x000000008930fba8}: Found class java.lang.Object, but interface was expected> (0x000000008930fba8) 
thrown [s\open\src\hotspot\share\interpreter\linkResolver.cpp, line 840]
Event: 4.193 Thread 0x00000181f0a33400 Exception <a 'java/lang/NoSuchMethodError'{0x00000000892411b8}: 'java.lang.Object java.lang.invoke.DirectMethodHandle$Holder.newInvokeSpecial(java.lang.Object, java.lang.Object, int)'> (0x00000000892411b8) 
thrown [s\open\src\hotspot\share\interpreter\linkResolver.cpp, line 773]

ZGC Phase Switch (0 events):
No events

VM Operations (20 events):
Event: 2.942 Executing VM operation: HandshakeAllThreads (Deoptimize)
Event: 2.942 Executing VM operation: HandshakeAllThreads (Deoptimize) done
Event: 2.942 Executing VM operation: HandshakeAllThreads (Deoptimize)
Event: 2.942 Executing VM operation: HandshakeAllThreads (Deoptimize) done
Event: 2.992 Executing VM operation: HandshakeAllThreads (Deoptimize)
Event: 2.992 Executing VM operation: HandshakeAllThreads (Deoptimize) done
Event: 3.069 Executing VM operation: HandshakeAllThreads (Deoptimize)
Event: 3.069 Executing VM operation: HandshakeAllThreads (Deoptimize) done
Event: 3.103 Executing VM operation: HandshakeAllThreads (Deoptimize)
Event: 3.103 Executing VM operation: HandshakeAllThreads (Deoptimize) done
Event: 3.135 Executing VM operation: HandshakeAllThreads (Deoptimize)
Event: 3.135 Executing VM operation: HandshakeAllThreads (Deoptimize) done
Event: 3.181 Executing VM operation: HandshakeAllThreads (Deoptimize)
Event: 3.181 Executing VM operation: HandshakeAllThreads (Deoptimize) done
Event: 3.393 Executing VM operation: HandshakeAllThreads (Deoptimize)
Event: 3.393 Executing VM operation: HandshakeAllThreads (Deoptimize) done
Event: 3.394 Executing VM operation: ICBufferFull
Event: 3.394 Executing VM operation: ICBufferFull done
Event: 4.192 Executing VM operation: HandshakeAllThreads (Deoptimize)
Event: 4.192 Executing VM operation: HandshakeAllThreads (Deoptimize) done

Events (20 events):
Event: 0.591 Thread 0x00000181ef02ebd0 Thread added: 0x00000181ef02ebd0
Event: 0.793 Thread 0x00000181ef02ebd0 Thread exited: 0x00000181ef02ebd0
Event: 1.048 Thread 0x00000181efb52d00 Thread added: 0x00000181efb52d00
Event: 1.456 Thread 0x00000181efa4bd80 Thread added: 0x00000181efa4bd80
Event: 1.994 Thread 0x00000181ef02e530 Thread exited: 0x00000181ef02e530
Event: 2.061 Thread 0x00000181ef05fc30 Thread exited: 0x00000181ef05fc30
Event: 2.947 Thread 0x00000181f07939b0 Thread added: 0x00000181f07939b0
Event: 3.232 Thread 0x00000181f07f6ca0 Thread added: 0x00000181f07f6ca0
Event: 3.359 Thread 0x00000181f07290d0 Thread added: 0x00000181f07290d0
Event: 3.449 Thread 0x00000181f0a9dae0 Thread added: 0x00000181f0a9dae0
Event: 3.452 Thread 0x00000181f0715c90 Thread added: 0x00000181f0715c90
Event: 3.526 Thread 0x00000181cf93f380 Thread exited: 0x00000181cf93f380
Event: 3.574 Thread 0x00000181f0a2d790 Thread added: 0x00000181f0a2d790
Event: 3.611 Thread 0x00000181f0a33400 Thread added: 0x00000181f0a33400
Event: 3.630 Thread 0x00000181f0a60ba0 Thread added: 0x00000181f0a60ba0
Event: 3.635 Thread 0x00000181f0a5fe80 Thread added: 0x00000181f0a5fe80
Event: 3.644 Thread 0x00000181f0a60510 Thread added: 0x00000181f0a60510
Event: 3.867 Thread 0x00000181f0908a50 Thread added: 0x00000181f0908a50
Event: 4.192 Thread 0x00000181f0a61230 Thread added: 0x00000181f0a61230
Event: 4.199 Thread 0x00000181f0a618c0 Thread added: 0x00000181f0a618c0


Dynamic libraries:
0x00007ff7604a0000 - 0x00007ff7604b0000 	C:\Program Files\Java\jdk-21\bin\java.exe
0x00007ff881d20000 - 0x00007ff881f88000 	C:\WINDOWS\SYSTEM32\ntdll.dll
0x00007ff880530000 - 0x00007ff8805f9000 	C:\WINDOWS\System32\KERNEL32.DLL
0x00007ff87eeb0000 - 0x00007ff87f2a2000 	C:\WINDOWS\System32\KERNELBASE.dll
0x00007ff87f650000 - 0x00007ff87f79b000 	C:\WINDOWS\System32\ucrtbase.dll
0x00007ff86e400000 - 0x00007ff86e41b000 	C:\Program Files\Java\jdk-21\bin\VCRUNTIME140.dll
0x00007ff86e5d0000 - 0x00007ff86e5e9000 	C:\Program Files\Java\jdk-21\bin\jli.dll
0x00007ff87fe40000 - 0x00007ff87fef4000 	C:\WINDOWS\System32\ADVAPI32.dll
0x00007ff880d60000 - 0x00007ff880e09000 	C:\WINDOWS\System32\msvcrt.dll
0x00007ff880f60000 - 0x00007ff881006000 	C:\WINDOWS\System32\sechost.dll
0x00007ff87fcc0000 - 0x00007ff87fdd8000 	C:\WINDOWS\System32\RPCRT4.dll
0x00007ff880b90000 - 0x00007ff880d55000 	C:\WINDOWS\System32\USER32.dll
0x00007ff87f400000 - 0x00007ff87f427000 	C:\WINDOWS\System32\win32u.dll
0x00007ff87fb40000 - 0x00007ff87fb6b000 	C:\WINDOWS\System32\GDI32.dll
0x00007ff87f9c0000 - 0x00007ff87faed000 	C:\WINDOWS\System32\gdi32full.dll
0x00007ff87f910000 - 0x00007ff87f9b3000 	C:\WINDOWS\System32\msvcp_win.dll
0x00007ff8613d0000 - 0x00007ff861663000 	C:\WINDOWS\WinSxS\amd64_microsoft.windows.common-controls_6595b64144ccf1df_6.0.26100.6899_none_3e0efeeae32e88c1\COMCTL32.dll
0x00007ff861a80000 - 0x00007ff861a8b000 	C:\WINDOWS\SYSTEM32\VERSION.dll
0x00007ff880ea0000 - 0x00007ff880ecf000 	C:\WINDOWS\System32\IMM32.DLL
0x00007ff878440000 - 0x00007ff87844c000 	C:\Program Files\Java\jdk-21\bin\vcruntime140_1.dll
0x00007ff859a80000 - 0x00007ff859b0e000 	C:\Program Files\Java\jdk-21\bin\msvcp140.dll
0x00007ff806d70000 - 0x00007ff807a88000 	C:\Program Files\Java\jdk-21\bin\server\jvm.dll
0x00007ff881920000 - 0x00007ff881994000 	C:\WINDOWS\System32\WS2_32.dll
0x00007ff87dae0000 - 0x00007ff87db3e000 	C:\WINDOWS\SYSTEM32\POWRPROF.dll
0x00007ff875ce0000 - 0x00007ff875d15000 	C:\WINDOWS\SYSTEM32\WINMM.dll
0x00007ff87dac0000 - 0x00007ff87dad4000 	C:\WINDOWS\SYSTEM32\UMPDC.dll
0x00007ff87dda0000 - 0x00007ff87ddbb000 	C:\WINDOWS\SYSTEM32\kernel.appcore.dll
0x00007ff86f8c0000 - 0x00007ff86f8ca000 	C:\Program Files\Java\jdk-21\bin\jimage.dll
0x00007ff87c5f0000 - 0x00007ff87c832000 	C:\WINDOWS\SYSTEM32\DBGHELP.DLL
0x00007ff87ff80000 - 0x00007ff8802fb000 	C:\WINDOWS\System32\combase.dll
0x00007ff880a90000 - 0x00007ff880b67000 	C:\WINDOWS\System32\OLEAUT32.dll
0x00007ff85bde0000 - 0x00007ff85be1c000 	C:\WINDOWS\SYSTEM32\dbgcore.DLL
0x00007ff87f5b0000 - 0x00007ff87f648000 	C:\WINDOWS\System32\bcryptPrimitives.dll
0x00007ff86f250000 - 0x00007ff86f25f000 	C:\Program Files\Java\jdk-21\bin\instrument.dll
0x00007ff86e2f0000 - 0x00007ff86e30f000 	C:\Program Files\Java\jdk-21\bin\java.dll
0x00007ff8810d0000 - 0x00007ff88181d000 	C:\WINDOWS\System32\SHELL32.dll
0x00007ff87f7a0000 - 0x00007ff87f90b000 	C:\WINDOWS\System32\wintypes.dll
0x00007ff87cae0000 - 0x00007ff87d33d000 	C:\WINDOWS\SYSTEM32\windows.storage.dll
0x00007ff881820000 - 0x00007ff881912000 	C:\WINDOWS\System32\SHCORE.dll
0x00007ff880ee0000 - 0x00007ff880f42000 	C:\WINDOWS\System32\shlwapi.dll
0x00007ff87edd0000 - 0x00007ff87edf9000 	C:\WINDOWS\SYSTEM32\profapi.dll
0x00007ff858950000 - 0x00007ff858a27000 	C:\Program Files\Java\jdk-21\bin\jsvml.dll
0x00007ff86e230000 - 0x00007ff86e248000 	C:\Program Files\Java\jdk-21\bin\zip.dll
0x00007ff86f100000 - 0x00007ff86f110000 	C:\Program Files\Java\jdk-21\bin\net.dll
0x00007ff8782e0000 - 0x00007ff8783ff000 	C:\WINDOWS\SYSTEM32\WINHTTP.dll
0x00007ff87e310000 - 0x00007ff87e37b000 	C:\WINDOWS\system32\mswsock.dll
0x00007ff86dff0000 - 0x00007ff86e006000 	C:\Program Files\Java\jdk-21\bin\nio.dll
0x00007ff86e520000 - 0x00007ff86e530000 	C:\Program Files\Java\jdk-21\bin\verify.dll
0x00007ff8604e0000 - 0x00007ff860507000 	C:\Users\woow0\.gradle\native\660c5614fbf4a5f2a75b1949f50a0caf5cd603558e7d8a26e50b933a0cfb79d1\windows-amd64\native-platform.dll
0x00007ff857470000 - 0x00007ff8574e7000 	C:\Users\woow0\.gradle\native\0.2.8\x86_64-windows-gnu\gradle-fileevents.dll
0x00007ff86e4d0000 - 0x00007ff86e4da000 	C:\Program Files\Java\jdk-21\bin\management.dll
0x00007ff86e2b0000 - 0x00007ff86e2bb000 	C:\Program Files\Java\jdk-21\bin\management_ext.dll
0x00007ff880b70000 - 0x00007ff880b78000 	C:\WINDOWS\System32\PSAPI.DLL
0x00007ff87d7a0000 - 0x00007ff87d7d4000 	C:\WINDOWS\SYSTEM32\IPHLPAPI.DLL
0x00007ff880f50000 - 0x00007ff880f5a000 	C:\WINDOWS\System32\NSI.dll
0x00007ff86e2a0000 - 0x00007ff86e2a9000 	C:\Program Files\Java\jdk-21\bin\extnet.dll
0x00007ff87e5c0000 - 0x00007ff87e5db000 	C:\WINDOWS\SYSTEM32\CRYPTSP.dll
0x00007ff87dd00000 - 0x00007ff87dd3b000 	C:\WINDOWS\system32\rsaenh.dll
0x00007ff87e3b0000 - 0x00007ff87e3db000 	C:\WINDOWS\SYSTEM32\USERENV.dll
0x00007ff87eda0000 - 0x00007ff87edc6000 	C:\WINDOWS\SYSTEM32\bcrypt.dll
0x00007ff87e5e0000 - 0x00007ff87e5ec000 	C:\WINDOWS\SYSTEM32\CRYPTBASE.dll
0x00007ff86e080000 - 0x00007ff86e08e000 	C:\Program Files\Java\jdk-21\bin\sunmscapi.dll
0x00007ff87f430000 - 0x00007ff87f5a7000 	C:\WINDOWS\System32\CRYPT32.dll
0x00007ff87e7e0000 - 0x00007ff87e810000 	C:\WINDOWS\SYSTEM32\ncrypt.dll
0x00007ff87e790000 - 0x00007ff87e7cf000 	C:\WINDOWS\SYSTEM32\NTASN1.dll
0x00007ff860eb0000 - 0x00007ff860eb8000 	C:\WINDOWS\system32\wshunix.dll

dbghelp: loaded successfully - version: 4.0.5 - missing functions: none
symbol engine: initialized successfully - sym options: 0x614 - pdb path: .;C:\Program Files\Java\jdk-21\bin;C:\WINDOWS\SYSTEM32;C:\WINDOWS\WinSxS\amd64_microsoft.windows.common-controls_6595b64144ccf1df_6.0.26100.6899_none_3e0efeeae32e88c1;C:\Program Files\Java\jdk-21\bin\server;C:\Users\woow0\.gradle\native\660c5614fbf4a5f2a75b1949f50a0caf5cd603558e7d8a26e50b933a0cfb79d1\windows-amd64;C:\Users\woow0\.gradle\native\0.2.8\x86_64-windows-gnu

VM Arguments:
jvm_args: --add-opens=java.base/java.lang=ALL-UNNAMED --add-opens=java.base/java.lang.invoke=ALL-UNNAMED --add-opens=java.base/java.util=ALL-UNNAMED --add-opens=java.prefs/java.util.prefs=ALL-UNNAMED --add-exports=jdk.compiler/com.sun.tools.javac.api=ALL-UNNAMED --add-exports=jdk.compiler/com.sun.tools.javac.util=ALL-UNNAMED --add-opens=java.base/java.util=ALL-UNNAMED --add-opens=java.prefs/java.util.prefs=ALL-UNNAMED --add-opens=java.base/java.nio.charset=ALL-UNNAMED --add-opens=java.base/java.net=ALL-UNNAMED --add-opens=java.base/java.util.concurrent=ALL-UNNAMED --add-opens=java.base/java.util.concurrent.atomic=ALL-UNNAMED --add-opens=java.xml/javax.xml.namespace=ALL-UNNAMED --add-opens=java.base/java.time=ALL-UNNAMED -XX:MaxMetaspaceSize=512m -Xmx2g -Dfile.encoding=UTF-8 -Duser.country -Duser.language=ko -Duser.variant -javaagent:C:\Users\woow0\.gradle\wrapper\dists\gradle-9.2.1-bin\2t0n5ozlw9xmuyvbp7dnzaxug\gradle-9.2.1\lib\agents\gradle-instrumentation-agent-9.2.1.jar 
java_command: org.gradle.launcher.daemon.bootstrap.GradleDaemon 9.2.1
java_class_path (initial): C:\Users\woow0\.gradle\wrapper\dists\gradle-9.2.1-bin\2t0n5ozlw9xmuyvbp7dnzaxug\gradle-9.2.1\lib\gradle-daemon-main-9.2.1.jar
Launcher Type: SUN_STANDARD

[Global flags]
     intx CICompilerCount                          = 12                                        {product} {ergonomic}
   size_t CompressedClassSpaceSize                 = 436207616                                 {product} {ergonomic}
     uint ConcGCThreads                            = 3                                         {product} {ergonomic}
     uint G1ConcRefinementThreads                  = 13                                        {product} {ergonomic}
   size_t G1HeapRegionSize                         = 1048576                                   {product} {ergonomic}
    uintx GCDrainStackTargetSize                   = 64                                        {product} {ergonomic}
   size_t InitialHeapSize                          = 262144000                                 {product} {ergonomic}
   size_t MarkStackSize                            = 4194304                                   {product} {ergonomic}
   size_t MaxHeapSize                              = 2147483648                                {product} {command line}
   size_t MaxMetaspaceSize                         = 536870912                                 {product} {command line}
   size_t MaxNewSize                               = 1287651328                                {product} {ergonomic}
   size_t MinHeapDeltaBytes                        = 1048576                                   {product} {ergonomic}
   size_t MinHeapSize                              = 8388608                                   {product} {ergonomic}
    uintx NonNMethodCodeHeapSize                   = 7602480                                {pd product} {ergonomic}
    uintx NonProfiledCodeHeapSize                  = 122027880                              {pd product} {ergonomic}
    uintx ProfiledCodeHeapSize                     = 122027880                              {pd product} {ergonomic}
    uintx ReservedCodeCacheSize                    = 251658240                              {pd product} {ergonomic}
     bool SegmentedCodeCache                       = true                                      {product} {ergonomic}
   size_t SoftMaxHeapSize                          = 2147483648                             {manageable} {ergonomic}
     bool UseCompressedOops                        = true                           {product lp64_product} {ergonomic}
     bool UseG1GC                                  = true                                      {product} {ergonomic}
     bool UseLargePagesIndividualAllocation        = false                                  {pd product} {ergonomic}

Logging:
Log output configuration:
 #0: stdout all=warning uptime,level,tags foldmultilines=false
 #1: stderr all=off uptime,level,tags foldmultilines=false

Environment Variables:
JAVA_HOME=C:\Program Files\Java\jdk-21
PATH=C:\app\woowon\product\21c\dbhomeXE\bin;C:\Program Files\Java\jdk-21\bin;C:\Program Files (x86)\VMware\VMware Player\bin\;C:\Users\USER\anaconda3;C:\Users\USER\anaconda3\Library;C:\Users\USER\anaconda3\Library\bin;C:\Users\USER\anaconda3\Scripts;C:\Program Files\Common Files\Oracle\Java\javapath;C:\WINDOWS\system32;C:\WINDOWS;C:\WINDOWS\System32\Wbem;C:\WINDOWS\System32\WindowsPowerShell\v1.0\;C:\WINDOWS\System32\OpenSSH\;C:\Users\CWW\AppData\Local\Programs\Python\Python312;C:\Program Files\GitExtensions\;C:\Program Files\dotnet\;C:\apache-tomcat-10.1.6-windows-x64\apache-tomcat-10.1.6\bin;C:\Program Files\MariaDB 10.6 \bin;C:\Program Files\MySQL\MySQL Shell 8.0\bin\;C:\Program Files\nodejs\;C:\Program Files\Git\cmd;C:\Users\woow0\mongosh-2.5.8-win32-x64\mongosh-2.5.8-win32-x64\bin;C:\Users\woow0\AppData\Local\Programs\Python\Python312\Scripts\;C:\Users\woow0\AppData\Local\Programs\Python\Python312\;C:\Users\woow0\AppData\Local\Microsoft\WindowsApps;C:\Python312\Microsoft VS Code\bin;C:\Program Files\Java\jdk-17.0.5\bin;C:\Users\woow0\AppData\Local\GitHubDesktop\bin;C:\PyCharm\PyCharm 2024.3.4\bin;C:\Users\woow0\AppData\Local\JetBrains\Toolbox\scripts;C:\Users\woow0\AppData\Roaming\npm;C:\Users\woow0\AppData\Local\Programs\IntelliJ IDEA 2025.2.3\bin
USERNAME=woowon
OS=Windows_NT
PROCESSOR_IDENTIFIER=Intel64 Family 6 Model 186 Stepping 2, GenuineIntel
TMP=C:\Users\woow0\AppData\Local\Temp
TEMP=C:\Users\woow0\AppData\Local\Temp




Periodic native trim disabled

---------------  S Y S T E M  ---------------

OS:
 Windows 11 , 64 bit Build 26100 (10.0.26100.6725)
OS uptime: 14 days 1:20 hours
Hyper-V role detected

CPU: total 16 (initial active 16) (8 cores per cpu, 2 threads per core) family 6 model 186 stepping 2 microcode 0x410e, cx8, cmov, fxsr, ht, mmx, 3dnowpref, sse, sse2, sse3, ssse3, sse4.1, sse4.2, popcnt, lzcnt, tsc, tscinvbit, avx, avx2, aes, erms, clmul, bmi1, bmi2, adx, sha, fma, vzeroupper, clflush, clflushopt, clwb, hv, serialize, rdtscp, rdpid, fsrm, f16c, cet_ibt, cet_ss
Processor Information for processor 0
  Max Mhz: 1900, Current Mhz: 1900, Mhz Limit: 1900
Processor Information for processor 1
  Max Mhz: 1900, Current Mhz: 1900, Mhz Limit: 1900
Processor Information for processor 2
  Max Mhz: 1900, Current Mhz: 1900, Mhz Limit: 1900
Processor Information for processor 3
  Max Mhz: 1900, Current Mhz: 1900, Mhz Limit: 1900
Processor Information for processor 4
  Max Mhz: 1900, Current Mhz: 1900, Mhz Limit: 1900
Processor Information for processor 5
  Max Mhz: 1900, Current Mhz: 1900, Mhz Limit: 1900
Processor Information for processor 6
  Max Mhz: 1900, Current Mhz: 1900, Mhz Limit: 1900
Processor Information for processor 7
  Max Mhz: 1900, Current Mhz: 1900, Mhz Limit: 1900
Processor Information for processor 8
  Max Mhz: 1900, Current Mhz: 1400, Mhz Limit: 1387
Processor Information for processor 9
  Max Mhz: 1900, Current Mhz: 1400, Mhz Limit: 1387
Processor Information for processor 10
  Max Mhz: 1900, Current Mhz: 1400, Mhz Limit: 1387
Processor Information for processor 11
  Max Mhz: 1900, Current Mhz: 1400, Mhz Limit: 1387
Processor Information for processor 12
  Max Mhz: 1900, Current Mhz: 1400, Mhz Limit: 1387
Processor Information for processor 13
  Max Mhz: 1900, Current Mhz: 1400, Mhz Limit: 1387
Processor Information for processor 14
  Max Mhz: 1900, Current Mhz: 1400, Mhz Limit: 1387
Processor Information for processor 15
  Max Mhz: 1900, Current Mhz: 1400, Mhz Limit: 1387

Memory: 4k page, system-wide physical 15943M (1956M free)
TotalPageFile size 27556M (AvailPageFile size 0M)
current process WorkingSet (physical memory assigned to process): 211M, peak: 211M
current process commit charge ("private bytes"): 407M, peak: 407M

vm_info: Java HotSpot(TM) 64-Bit Server VM (21.0.5+9-LTS-239) for windows-amd64 JRE (21.0.5+9-LTS-239), built on 2024-09-30T05:17:38Z by "mach5one" with MS VC++ 17.6 (VS2022)

END.
